
python check_exposure_pixel.py LOT20201008

202010/LOT20201008/
 ---------------------------
 All Targets 
 ---------------------------
LOT20201008
...check exposure time and pixel size of all files...
62
./202010/LOT20201008/bias-dark/Dark-20201008@211355-005S.fts 	 2048x2048 	 5S 	 DARK 	 light
./202010/LOT20201008/bias-dark/Bias-20201008@211018-000S.fts 	 2048x2048 	 0S 	 BIAS 	 light
./202010/LOT20201008/bias-dark/Dark-20201008@211605-010S.fts 	 2048x2048 	 10S 	 DARK 	 light
./202010/LOT20201008/bias-dark/Bias-20201008@210944-000S.fts 	 2048x2048 	 0S 	 BIAS 	 light
./202010/LOT20201008/bias-dark/Dark-20201008@211251-003S.fts 	 2048x2048 	 3S 	 DARK 	 light
./202010/LOT20201008/bias-dark/Bias-20201008@210931-000S.fts 	 2048x2048 	 0S 	 BIAS 	 light
./202010/LOT20201008/bias-dark/Dark-20201008@211746-010S.fts 	 2048x2048 	 10S 	 DARK 	 light
./202010/LOT20201008/bias-dark/Dark-20201008@211406-005S.fts 	 2048x2048 	 5S 	 DARK 	 light
./202010/LOT20201008/bias-dark/Dark-20201008@211034-001S.fts 	 2048x2048 	 1S 	 DARK 	 light
./202010/LOT20201008/bias-dark/Dark-20201008@211201-003S.fts 	 2048x2048 	 3S 	 DARK 	 light
./202010/LOT20201008/bias-dark/Dark-20201008@211455-005S.fts 	 2048x2048 	 5S 	 DARK 	 light
./202010/LOT20201008/bias-dark/Dark-20201008@211519-005S.fts 	 2048x2048 	 5S 	 DARK 	 light
./202010/LOT20201008/bias-dark/Dark-20201008@211713-010S.fts 	 2048x2048 	 10S 	 DARK 	 light
./202010/LOT20201008/bias-dark/Bias-20201008@210938-000S.fts 	 2048x2048 	 0S 	 BIAS 	 light
./202010/LOT20201008/bias-dark/Dark-20201008@211507-005S.fts 	 2048x2048 	 5S 	 DARK 	 light
./202010/LOT20201008/bias-dark/Dark-20201008@211442-005S.fts 	 2048x2048 	 5S 	 DARK 	 light
./202010/LOT20201008/bias-dark/Dark-20201008@211042-001S.fts 	 2048x2048 	 1S 	 DARK 	 light
./202010/LOT20201008/bias-dark/Dark-20201008@211331-005S.fts 	 2048x2048 	 5S 	 DARK 	 light
./202010/LOT20201008/bias-dark/Dark-20201008@211548-010S.fts 	 2048x2048 	 10S 	 DARK 	 light
./202010/LOT20201008/bias-dark/Dark-20201008@211321-003S.fts 	 2048x2048 	 3S 	 DARK 	 light
./202010/LOT20201008/bias-dark/Dark-20201008@211128-001S.fts 	 2048x2048 	 1S 	 DARK 	 light
./202010/LOT20201008/bias-dark/Dark-20201008@211151-003S.fts 	 2048x2048 	 3S 	 DARK 	 light
./202010/LOT20201008/bias-dark/Dark-20201008@211531-010S.fts 	 2048x2048 	 10S 	 DARK 	 light
./202010/LOT20201008/bias-dark/Dark-20201008@211112-001S.fts 	 2048x2048 	 1S 	 DARK 	 light
./202010/LOT20201008/bias-dark/Bias-20201008@211012-000S.fts 	 2048x2048 	 0S 	 BIAS 	 light
./202010/LOT20201008/bias-dark/Dark-20201008@211656-010S.fts 	 2048x2048 	 10S 	 DARK 	 light
./202010/LOT20201008/bias-dark/Bias-20201008@210922-000S.fts 	 2048x2048 	 0S 	 BIAS 	 light
./202010/LOT20201008/bias-dark/Dark-20201008@211430-005S.fts 	 2048x2048 	 5S 	 DARK 	 light
./202010/LOT20201008/bias-dark/Dark-20201008@211730-010S.fts 	 2048x2048 	 10S 	 DARK 	 light
./202010/LOT20201008/bias-dark/Dark-20201008@211211-003S.fts 	 2048x2048 	 3S 	 DARK 	 light
./202010/LOT20201008/bias-dark/Bias-20201008@211025-000S.fts 	 2048x2048 	 0S 	 BIAS 	 light
./202010/LOT20201008/bias-dark/Dark-20201008@211343-005S.fts 	 2048x2048 	 5S 	 DARK 	 light
./202010/LOT20201008/bias-dark/Dark-20201008@211241-003S.fts 	 2048x2048 	 3S 	 DARK 	 light
./202010/LOT20201008/bias-dark/Dark-20201008@211418-005S.fts 	 2048x2048 	 5S 	 DARK 	 light
./202010/LOT20201008/bias-dark/Bias-20201008@210958-000S.fts 	 2048x2048 	 0S 	 BIAS 	 light
./202010/LOT20201008/bias-dark/Dark-20201008@211301-003S.fts 	 2048x2048 	 3S 	 DARK 	 light
./202010/LOT20201008/bias-dark/Dark-20201008@211231-003S.fts 	 2048x2048 	 3S 	 DARK 	 light
./202010/LOT20201008/bias-dark/Dark-20201008@211049-001S.fts 	 2048x2048 	 1S 	 DARK 	 light
./202010/LOT20201008/bias-dark/Dark-20201008@211639-010S.fts 	 2048x2048 	 10S 	 DARK 	 light
./202010/LOT20201008/bias-dark/Bias-20201008@211004-000S.fts 	 2048x2048 	 0S 	 BIAS 	 light
./202010/LOT20201008/bias-dark/Dark-20201008@211120-001S.fts 	 2048x2048 	 1S 	 DARK 	 light
./202010/LOT20201008/bias-dark/Dark-20201008@211143-001S.fts 	 2048x2048 	 1S 	 DARK 	 light
./202010/LOT20201008/bias-dark/Dark-20201008@211136-001S.fts 	 2048x2048 	 1S 	 DARK 	 light
./202010/LOT20201008/bias-dark/Dark-20201008@211222-003S.fts 	 2048x2048 	 3S 	 DARK 	 light
./202010/LOT20201008/bias-dark/Dark-20201008@211311-003S.fts 	 2048x2048 	 3S 	 DARK 	 light
./202010/LOT20201008/bias-dark/Bias-20201008@210952-000S.fts 	 2048x2048 	 0S 	 BIAS 	 light
./202010/LOT20201008/bias-dark/Dark-20201008@211621-010S.fts 	 2048x2048 	 10S 	 DARK 	 light
./202010/LOT20201008/bias-dark/Dark-20201008@211803-010S.fts 	 2048x2048 	 10S 	 DARK 	 light
./202010/LOT20201008/bias-dark/Dark-20201008@211057-001S.fts 	 2048x2048 	 1S 	 DARK 	 light
./202010/LOT20201008/bias-dark/Dark-20201008@211105-001S.fts 	 2048x2048 	 1S 	 DARK 	 light
./202010/LOT20201008/wchen/FU_Ori-20201008@185504-B_319144.fts 	 2048x2048 	 10S 	 LIGHT 	 FU_Ori
./202010/LOT20201008/wchen/FU_Ori-20201008@185053-B_319144.fts 	 2048x2048 	 10S 	 LIGHT 	 FU_Ori
./202010/LOT20201008/wchen/FU_Ori-20201008@185540-V_319142.fts 	 2048x2048 	 3S 	 LIGHT 	 FU_Ori
./202010/LOT20201008/wchen/FU_Ori-20201008@185859-R_10349.fts 	 2048x2048 	 1S 	 LIGHT 	 FU_Ori
./202010/LOT20201008/wchen/FU_Ori-20201008@185734-R_10349.fts 	 2048x2048 	 1S 	 LIGHT 	 FU_Ori
./202010/LOT20201008/wchen/FU_Ori-20201008@185636-B_319144.fts 	 2048x2048 	 10S 	 LIGHT 	 FU_Ori
./202010/LOT20201008/wchen/FU_Ori-20201008@185200-R_10349.fts 	 2048x2048 	 5S 	 LIGHT 	 FU_Ori
./202010/LOT20201008/wchen/FU_Ori-20201008@185802-B_319144.fts 	 2048x2048 	 10S 	 LIGHT 	 FU_Ori
./202010/LOT20201008/wchen/FU_Ori-20201008@185830-V_319142.fts 	 2048x2048 	 3S 	 LIGHT 	 FU_Ori
./202010/LOT20201008/wchen/FU_Ori-20201008@185609-R_10349.fts 	 2048x2048 	 1S 	 LIGHT 	 FU_Ori
./202010/LOT20201008/wchen/FU_Ori-20201008@185128-V_319142.fts 	 2048x2048 	 5S 	 LIGHT 	 FU_Ori
./202010/LOT20201008/wchen/FU_Ori-20201008@185706-V_319142.fts 	 2048x2048 	 3S 	 LIGHT 	 FU_Ori
 ---------------------------


python check_exposure_pixel.py LOT20201009

202010/LOT20201009/
 ---------------------------
 All Targets 
 ---------------------------
LOT20201009
...check exposure time and pixel size of all files...
50
./202010/LOT20201009/bias-dark/Dark-20201009@214039-010S.fts 	 2048x2048 	 10S 	 DARK 	 light
./202010/LOT20201009/bias-dark/Bias-20201009@213610-000S.fts 	 2048x2048 	 0S 	 BIAS 	 light
./202010/LOT20201009/bias-dark/Bias-20201009@213649-000S.fts 	 2048x2048 	 0S 	 BIAS 	 light
./202010/LOT20201009/bias-dark/Dark-20201009@213718-002S.fts 	 2048x2048 	 2S 	 DARK 	 light
./202010/LOT20201009/bias-dark/Dark-20201009@214518-030S.fts 	 2048x2048 	 30S 	 DARK 	 light
./202010/LOT20201009/bias-dark/Dark-20201009@214056-010S.fts 	 2048x2048 	 10S 	 DARK 	 light
./202010/LOT20201009/bias-dark/Dark-20201009@214237-010S.fts 	 2048x2048 	 10S 	 DARK 	 light
./202010/LOT20201009/bias-dark/Bias-20201009@213656-000S.fts 	 2048x2048 	 0S 	 BIAS 	 light
./202010/LOT20201009/bias-dark/Dark-20201009@214221-010S.fts 	 2048x2048 	 10S 	 DARK 	 light
./202010/LOT20201009/bias-dark/Dark-20201009@214113-010S.fts 	 2048x2048 	 10S 	 DARK 	 light
./202010/LOT20201009/bias-dark/Dark-20201009@214015-005S.fts 	 2048x2048 	 5S 	 DARK 	 light
./202010/LOT20201009/bias-dark/Dark-20201009@213831-002S.fts 	 2048x2048 	 2S 	 DARK 	 light
./202010/LOT20201009/bias-dark/Dark-20201009@214709-030S.fts 	 2048x2048 	 30S 	 DARK 	 light
./202010/LOT20201009/bias-dark/Dark-20201009@213852-005S.fts 	 2048x2048 	 5S 	 DARK 	 light
./202010/LOT20201009/bias-dark/Dark-20201009@214632-030S.fts 	 2048x2048 	 30S 	 DARK 	 light
./202010/LOT20201009/bias-dark/Dark-20201009@214311-010S.fts 	 2048x2048 	 10S 	 DARK 	 light
./202010/LOT20201009/bias-dark/Dark-20201009@214442-030S.fts 	 2048x2048 	 30S 	 DARK 	 light
./202010/LOT20201009/bias-dark/Dark-20201009@214900-030S.fts 	 2048x2048 	 30S 	 DARK 	 light
./202010/LOT20201009/bias-dark/Dark-20201009@214405-030S.fts 	 2048x2048 	 30S 	 DARK 	 light
./202010/LOT20201009/bias-dark/Dark-20201009@214254-010S.fts 	 2048x2048 	 10S 	 DARK 	 light
./202010/LOT20201009/bias-dark/Dark-20201009@214328-030S.fts 	 2048x2048 	 30S 	 DARK 	 light
./202010/LOT20201009/bias-dark/Dark-20201009@213823-002S.fts 	 2048x2048 	 2S 	 DARK 	 light
./202010/LOT20201009/bias-dark/Dark-20201009@214204-010S.fts 	 2048x2048 	 10S 	 DARK 	 light
./202010/LOT20201009/bias-dark/Dark-20201009@213710-002S.fts 	 2048x2048 	 2S 	 DARK 	 light
./202010/LOT20201009/bias-dark/Bias-20201009@213557-000S.fts 	 2048x2048 	 0S 	 BIAS 	 light
./202010/LOT20201009/bias-dark/Dark-20201009@214003-005S.fts 	 2048x2048 	 5S 	 DARK 	 light
./202010/LOT20201009/bias-dark/Dark-20201009@213927-005S.fts 	 2048x2048 	 5S 	 DARK 	 light
./202010/LOT20201009/bias-dark/Bias-20201009@213636-000S.fts 	 2048x2048 	 0S 	 BIAS 	 light
./202010/LOT20201009/bias-dark/Dark-20201009@214027-005S.fts 	 2048x2048 	 5S 	 DARK 	 light
./202010/LOT20201009/bias-dark/Dark-20201009@214147-010S.fts 	 2048x2048 	 10S 	 DARK 	 light
./202010/LOT20201009/bias-dark/Bias-20201009@213702-000S.fts 	 2048x2048 	 0S 	 BIAS 	 light
./202010/LOT20201009/bias-dark/Dark-20201009@213840-005S.fts 	 2048x2048 	 5S 	 DARK 	 light
./202010/LOT20201009/bias-dark/Dark-20201009@213746-002S.fts 	 2048x2048 	 2S 	 DARK 	 light
./202010/LOT20201009/bias-dark/Dark-20201009@214130-010S.fts 	 2048x2048 	 10S 	 DARK 	 light
./202010/LOT20201009/bias-dark/Dark-20201009@213951-005S.fts 	 2048x2048 	 5S 	 DARK 	 light
./202010/LOT20201009/bias-dark/Dark-20201009@214746-030S.fts 	 2048x2048 	 30S 	 DARK 	 light
./202010/LOT20201009/bias-dark/Dark-20201009@214823-030S.fts 	 2048x2048 	 30S 	 DARK 	 light
./202010/LOT20201009/bias-dark/Dark-20201009@213736-002S.fts 	 2048x2048 	 2S 	 DARK 	 light
./202010/LOT20201009/bias-dark/Bias-20201009@213617-000S.fts 	 2048x2048 	 0S 	 BIAS 	 light
./202010/LOT20201009/bias-dark/Dark-20201009@213939-005S.fts 	 2048x2048 	 5S 	 DARK 	 light
./202010/LOT20201009/bias-dark/Bias-20201009@213630-000S.fts 	 2048x2048 	 0S 	 BIAS 	 light
./202010/LOT20201009/bias-dark/Dark-20201009@213728-002S.fts 	 2048x2048 	 2S 	 DARK 	 light
./202010/LOT20201009/bias-dark/Dark-20201009@213805-002S.fts 	 2048x2048 	 2S 	 DARK 	 light
./202010/LOT20201009/bias-dark/Dark-20201009@213814-002S.fts 	 2048x2048 	 2S 	 DARK 	 light
./202010/LOT20201009/bias-dark/Dark-20201009@213755-002S.fts 	 2048x2048 	 2S 	 DARK 	 light
./202010/LOT20201009/bias-dark/Dark-20201009@214556-030S.fts 	 2048x2048 	 30S 	 DARK 	 light
./202010/LOT20201009/bias-dark/Bias-20201009@213643-000S.fts 	 2048x2048 	 0S 	 BIAS 	 light
./202010/LOT20201009/bias-dark/Bias-20201009@213623-000S.fts 	 2048x2048 	 0S 	 BIAS 	 light
./202010/LOT20201009/bias-dark/Dark-20201009@213904-005S.fts 	 2048x2048 	 5S 	 DARK 	 light
./202010/LOT20201009/bias-dark/Dark-20201009@213915-005S.fts 	 2048x2048 	 5S 	 DARK 	 light
 ---------------------------


python check_exposure_pixel.py LOT20201010

202010/LOT20201010/
 ---------------------------
 All Targets 
 ---------------------------
LOT20201010
...check exposure time and pixel size of all files...
9
./202010/LOT20201010/wchen/FU_Ori-20201010@202912-B_319144.fts 	 2048x2048 	 10S 	 LIGHT 	 FU_Ori
./202010/LOT20201010/wchen/FU_Ori-20201010@202740-B_319144.fts 	 2048x2048 	 10S 	 LIGHT 	 FU_Ori
./202010/LOT20201010/wchen/FU_Ori-20201010@203010-R_10349.fts 	 2048x2048 	 1S 	 LIGHT 	 FU_Ori
./202010/LOT20201010/wchen/FU_Ori-20201010@202816-V_319142.fts 	 2048x2048 	 3S 	 LIGHT 	 FU_Ori
./202010/LOT20201010/wchen/FU_Ori-20201010@203133-R_10349.fts 	 2048x2048 	 1S 	 LIGHT 	 FU_Ori
./202010/LOT20201010/wchen/FU_Ori-20201010@203105-V_319142.fts 	 2048x2048 	 3S 	 LIGHT 	 FU_Ori
./202010/LOT20201010/wchen/FU_Ori-20201010@202845-R_10349.fts 	 2048x2048 	 1S 	 LIGHT 	 FU_Ori
./202010/LOT20201010/wchen/FU_Ori-20201010@203036-B_319144.fts 	 2048x2048 	 10S 	 LIGHT 	 FU_Ori
./202010/LOT20201010/wchen/FU_Ori-20201010@202942-V_319142.fts 	 2048x2048 	 3S 	 LIGHT 	 FU_Ori
 ---------------------------


python check_exposure_pixel.py slt20201005

202010/slt20201005/
 ---------------------------
 All Targets 
 ---------------------------
slt20201005
...check exposure time and pixel size of all files...
72
./202010/slt20201005/bias-dark/Dark-20201005@211242-005S.fts 	 2048x2048 	 5S 	 DARK 	 
./202010/slt20201005/bias-dark/Bias-20201005@211038-000S.fts 	 2048x2048 	 0S 	 BIAS 	 
./202010/slt20201005/bias-dark/Bias-20201005@211025-000S.fts 	 2048x2048 	 0S 	 BIAS 	 
./202010/slt20201005/bias-dark/Dark-20201005@211140-005S.fts 	 2048x2048 	 5S 	 DARK 	 
./202010/slt20201005/bias-dark/Dark-20201005@211349-010S.fts 	 2048x2048 	 10S 	 DARK 	 
./202010/slt20201005/bias-dark/Dark-20201005@212451-030S.fts 	 2048x2048 	 30S 	 DARK 	 
./202010/slt20201005/bias-dark/Dark-20201005@212103-020S.fts 	 2048x2048 	 20S 	 DARK 	 
./202010/slt20201005/bias-dark/Dark-20201005@212719-030S.fts 	 2048x2048 	 30S 	 DARK 	 
./202010/slt20201005/bias-dark/Dark-20201005@211916-020S.fts 	 2048x2048 	 20S 	 DARK 	 
./202010/slt20201005/bias-dark/Dark-20201005@211822-020S.fts 	 2048x2048 	 20S 	 DARK 	 
./202010/slt20201005/bias-dark/Bias-20201005@211010-000S.fts 	 2048x2048 	 0S 	 BIAS 	 
./202010/slt20201005/bias-dark/Bias-20201005@211106-000S.fts 	 2048x2048 	 0S 	 BIAS 	 
./202010/slt20201005/bias-dark/Bias-20201005@211059-000S.fts 	 2048x2048 	 0S 	 BIAS 	 
./202010/slt20201005/bias-dark/Dark-20201005@211630-002S.fts 	 2048x2048 	 2S 	 DARK 	 
./202010/slt20201005/bias-dark/Dark-20201005@212009-020S.fts 	 2048x2048 	 20S 	 DARK 	 
./202010/slt20201005/bias-dark/Bias-20201005@211052-000S.fts 	 2048x2048 	 0S 	 BIAS 	 
./202010/slt20201005/bias-dark/Dark-20201005@212129-020S.fts 	 2048x2048 	 20S 	 DARK 	 
./202010/slt20201005/bias-dark/Dark-20201005@211726-002S.fts 	 2048x2048 	 2S 	 DARK 	 
./202010/slt20201005/bias-dark/Bias-20201005@211032-000S.fts 	 2048x2048 	 0S 	 BIAS 	 
./202010/slt20201005/bias-dark/Dark-20201005@212605-030S.fts 	 2048x2048 	 30S 	 DARK 	 
./202010/slt20201005/bias-dark/Dark-20201005@212338-030S.fts 	 2048x2048 	 30S 	 DARK 	 
./202010/slt20201005/bias-dark/Dark-20201005@212756-030S.fts 	 2048x2048 	 30S 	 DARK 	 
./202010/slt20201005/bias-dark/Dark-20201005@212156-020S.fts 	 2048x2048 	 20S 	 DARK 	 
./202010/slt20201005/bias-dark/Dark-20201005@211440-010S.fts 	 2048x2048 	 10S 	 DARK 	 
./202010/slt20201005/bias-dark/Dark-20201005@212642-030S.fts 	 2048x2048 	 30S 	 DARK 	 
./202010/slt20201005/bias-dark/Dark-20201005@211423-010S.fts 	 2048x2048 	 10S 	 DARK 	 
./202010/slt20201005/bias-dark/Dark-20201005@211849-020S.fts 	 2048x2048 	 20S 	 DARK 	 
./202010/slt20201005/bias-dark/Dark-20201005@211942-020S.fts 	 2048x2048 	 20S 	 DARK 	 
./202010/slt20201005/bias-dark/Dark-20201005@211205-005S.fts 	 2048x2048 	 5S 	 DARK 	 
./202010/slt20201005/bias-dark/Dark-20201005@211229-005S.fts 	 2048x2048 	 5S 	 DARK 	 
./202010/slt20201005/bias-dark/Dark-20201005@211217-005S.fts 	 2048x2048 	 5S 	 DARK 	 
./202010/slt20201005/bias-dark/Dark-20201005@212224-030S.fts 	 2048x2048 	 30S 	 DARK 	 
./202010/slt20201005/bias-dark/Dark-20201005@211707-002S.fts 	 2048x2048 	 2S 	 DARK 	 
./202010/slt20201005/bias-dark/Dark-20201005@211658-002S.fts 	 2048x2048 	 2S 	 DARK 	 
./202010/slt20201005/bias-dark/Dark-20201005@211744-002S.fts 	 2048x2048 	 2S 	 DARK 	 
./202010/slt20201005/bias-dark/Dark-20201005@211603-010S.fts 	 2048x2048 	 10S 	 DARK 	 
./202010/slt20201005/bias-dark/Bias-20201005@211113-000S.fts 	 2048x2048 	 0S 	 BIAS 	 
./202010/slt20201005/bias-dark/Dark-20201005@211128-005S.fts 	 2048x2048 	 5S 	 DARK 	 
./202010/slt20201005/bias-dark/Dark-20201005@211716-002S.fts 	 2048x2048 	 2S 	 DARK 	 
./202010/slt20201005/bias-dark/Dark-20201005@211530-010S.fts 	 2048x2048 	 10S 	 DARK 	 
./202010/slt20201005/bias-dark/Dark-20201005@212301-030S.fts 	 2048x2048 	 30S 	 DARK 	 
./202010/slt20201005/bias-dark/Dark-20201005@211331-010S.fts 	 2048x2048 	 10S 	 DARK 	 
./202010/slt20201005/bias-dark/Dark-20201005@211640-002S.fts 	 2048x2048 	 2S 	 DARK 	 
./202010/slt20201005/bias-dark/Dark-20201005@211317-005S.fts 	 2048x2048 	 5S 	 DARK 	 
./202010/slt20201005/bias-dark/Dark-20201005@211405-010S.fts 	 2048x2048 	 10S 	 DARK 	 
./202010/slt20201005/bias-dark/Dark-20201005@211621-002S.fts 	 2048x2048 	 2S 	 DARK 	 
./202010/slt20201005/bias-dark/Dark-20201005@211546-010S.fts 	 2048x2048 	 10S 	 DARK 	 
./202010/slt20201005/bias-dark/Bias-20201005@211120-000S.fts 	 2048x2048 	 0S 	 BIAS 	 
./202010/slt20201005/bias-dark/Dark-20201005@212528-030S.fts 	 2048x2048 	 30S 	 DARK 	 
./202010/slt20201005/bias-dark/Bias-20201005@211045-000S.fts 	 2048x2048 	 0S 	 BIAS 	 
./202010/slt20201005/bias-dark/Dark-20201005@212415-030S.fts 	 2048x2048 	 30S 	 DARK 	 
./202010/slt20201005/bias-dark/Dark-20201005@211152-005S.fts 	 2048x2048 	 5S 	 DARK 	 
./202010/slt20201005/bias-dark/Dark-20201005@211305-005S.fts 	 2048x2048 	 5S 	 DARK 	 
./202010/slt20201005/bias-dark/Dark-20201005@211755-020S.fts 	 2048x2048 	 20S 	 DARK 	 
./202010/slt20201005/bias-dark/Dark-20201005@212036-020S.fts 	 2048x2048 	 20S 	 DARK 	 
./202010/slt20201005/bias-dark/Dark-20201005@211513-010S.fts 	 2048x2048 	 10S 	 DARK 	 
./202010/slt20201005/bias-dark/Dark-20201005@211735-002S.fts 	 2048x2048 	 2S 	 DARK 	 
./202010/slt20201005/bias-dark/Dark-20201005@211649-002S.fts 	 2048x2048 	 2S 	 DARK 	 
./202010/slt20201005/bias-dark/Dark-20201005@211253-005S.fts 	 2048x2048 	 5S 	 DARK 	 
./202010/slt20201005/bias-dark/Dark-20201005@211456-010S.fts 	 2048x2048 	 10S 	 DARK 	 
./202010/slt20201005/wchen/wchen_03_FU_Ori.txt/FU_Ori-20201005@174922-V_Astrodon_2018.fts 	 2048x2048 	 15S 	 LIGHT 	 FU_Ori
./202010/slt20201005/wchen/wchen_03_FU_Ori.txt/FU_Ori-20201005@173815-V_Astrodon_2018.fts 	 2048x2048 	 5S 	 LIGHT 	 FU_Ori
./202010/slt20201005/wchen/wchen_03_FU_Ori.txt/FU_Ori-20201005@173735-B_Astrodon_2018.fts 	 2048x2048 	 10S 	 LIGHT 	 FU_Ori
./202010/slt20201005/wchen/wchen_03_FU_Ori.txt/FU_Ori-20201005@173840-R_Astrodon_2018.fts 	 2048x2048 	 5S 	 LIGHT 	 FU_Ori
./202010/slt20201005/wchen/wchen_03_FU_Ori.txt/FU_Ori-20201005@174958-R_Astrodon_2018.fts 	 2048x2048 	 15S 	 LIGHT 	 FU_Ori
./202010/slt20201005/wchen/wchen_03_FU_Ori.txt/FU_Ori-20201005@174822-B_Astrodon_2018.fts 	 2048x2048 	 30S 	 LIGHT 	 FU_Ori
./202010/slt20201005/wchen/wchen_03_FU_Ori/FU_Ori-20201005@174922-V_Astrodon_2018.fts 	 2048x2048 	 15S 	 LIGHT 	 FU_Ori
./202010/slt20201005/wchen/wchen_03_FU_Ori/FU_Ori-20201005@173815-V_Astrodon_2018.fts 	 2048x2048 	 5S 	 LIGHT 	 FU_Ori
./202010/slt20201005/wchen/wchen_03_FU_Ori/FU_Ori-20201005@173735-B_Astrodon_2018.fts 	 2048x2048 	 10S 	 LIGHT 	 FU_Ori
./202010/slt20201005/wchen/wchen_03_FU_Ori/FU_Ori-20201005@173840-R_Astrodon_2018.fts 	 2048x2048 	 5S 	 LIGHT 	 FU_Ori
./202010/slt20201005/wchen/wchen_03_FU_Ori/FU_Ori-20201005@174958-R_Astrodon_2018.fts 	 2048x2048 	 15S 	 LIGHT 	 FU_Ori
./202010/slt20201005/wchen/wchen_03_FU_Ori/FU_Ori-20201005@174822-B_Astrodon_2018.fts 	 2048x2048 	 30S 	 LIGHT 	 FU_Ori
 ---------------------------


python check_exposure_pixel.py slt20201006

202010/slt20201006/
 ---------------------------
 All Targets 
 ---------------------------
slt20201006
...check exposure time and pixel size of all files...
66
./202010/slt20201006/bias-dark/Dark-20201006@204648-020S.fts 	 2048x2048 	 20S 	 DARK 	 
./202010/slt20201006/bias-dark/Dark-20201006@204531-002S.fts 	 2048x2048 	 2S 	 DARK 	 
./202010/slt20201006/bias-dark/Dark-20201006@204112-005S.fts 	 2048x2048 	 5S 	 DARK 	 
./202010/slt20201006/bias-dark/Dark-20201006@204456-010S.fts 	 2048x2048 	 10S 	 DARK 	 
./202010/slt20201006/bias-dark/Dark-20201006@204405-010S.fts 	 2048x2048 	 10S 	 DARK 	 
./202010/slt20201006/bias-dark/Dark-20201006@205116-030S.fts 	 2048x2048 	 30S 	 DARK 	 
./202010/slt20201006/bias-dark/Dark-20201006@204212-005S.fts 	 2048x2048 	 5S 	 DARK 	 
./202010/slt20201006/bias-dark/Dark-20201006@204628-002S.fts 	 2048x2048 	 2S 	 DARK 	 
./202010/slt20201006/bias-dark/Dark-20201006@204259-010S.fts 	 2048x2048 	 10S 	 DARK 	 
./202010/slt20201006/bias-dark/Dark-20201006@205230-030S.fts 	 2048x2048 	 30S 	 DARK 	 
./202010/slt20201006/bias-dark/Dark-20201006@205458-030S.fts 	 2048x2048 	 30S 	 DARK 	 
./202010/slt20201006/bias-dark/Dark-20201006@204609-002S.fts 	 2048x2048 	 2S 	 DARK 	 
./202010/slt20201006/bias-dark/Dark-20201006@204835-020S.fts 	 2048x2048 	 20S 	 DARK 	 
./202010/slt20201006/bias-dark/Dark-20201006@205421-030S.fts 	 2048x2048 	 30S 	 DARK 	 
./202010/slt20201006/bias-dark/Dark-20201006@204315-010S.fts 	 2048x2048 	 10S 	 DARK 	 
./202010/slt20201006/bias-dark/Dark-20201006@204902-020S.fts 	 2048x2048 	 20S 	 DARK 	 
./202010/slt20201006/bias-dark/Bias-20201006@204010-000S.fts 	 2048x2048 	 0S 	 BIAS 	 
./202010/slt20201006/bias-dark/Dark-20201006@204550-002S.fts 	 2048x2048 	 2S 	 DARK 	 
./202010/slt20201006/bias-dark/Bias-20201006@203957-000S.fts 	 2048x2048 	 0S 	 BIAS 	 
./202010/slt20201006/bias-dark/Dark-20201006@204523-002S.fts 	 2048x2048 	 2S 	 DARK 	 
./202010/slt20201006/bias-dark/Dark-20201006@204101-005S.fts 	 2048x2048 	 5S 	 DARK 	 
./202010/slt20201006/bias-dark/Dark-20201006@204439-010S.fts 	 2048x2048 	 10S 	 DARK 	 
./202010/slt20201006/bias-dark/Bias-20201006@203950-000S.fts 	 2048x2048 	 0S 	 BIAS 	 
./202010/slt20201006/bias-dark/Dark-20201006@204224-010S.fts 	 2048x2048 	 10S 	 DARK 	 
./202010/slt20201006/bias-dark/Dark-20201006@204148-005S.fts 	 2048x2048 	 5S 	 DARK 	 
./202010/slt20201006/bias-dark/Dark-20201006@204025-005S.fts 	 2048x2048 	 5S 	 DARK 	 
./202010/slt20201006/bias-dark/Dark-20201006@204808-020S.fts 	 2048x2048 	 20S 	 DARK 	 
./202010/slt20201006/bias-dark/Dark-20201006@204741-020S.fts 	 2048x2048 	 20S 	 DARK 	 
./202010/slt20201006/bias-dark/Dark-20201006@204049-005S.fts 	 2048x2048 	 5S 	 DARK 	 
./202010/slt20201006/bias-dark/Bias-20201006@204004-000S.fts 	 2048x2048 	 0S 	 BIAS 	 
./202010/slt20201006/bias-dark/Dark-20201006@205022-020S.fts 	 2048x2048 	 20S 	 DARK 	 
./202010/slt20201006/bias-dark/Bias-20201006@203929-000S.fts 	 2048x2048 	 0S 	 BIAS 	 
./202010/slt20201006/bias-dark/Dark-20201006@204159-005S.fts 	 2048x2048 	 5S 	 DARK 	 
./202010/slt20201006/bias-dark/Dark-20201006@204037-005S.fts 	 2048x2048 	 5S 	 DARK 	 
./202010/slt20201006/bias-dark/Dark-20201006@204637-002S.fts 	 2048x2048 	 2S 	 DARK 	 
./202010/slt20201006/bias-dark/Dark-20201006@205307-030S.fts 	 2048x2048 	 30S 	 DARK 	 
./202010/slt20201006/bias-dark/Dark-20201006@204928-020S.fts 	 2048x2048 	 20S 	 DARK 	 
./202010/slt20201006/bias-dark/Dark-20201006@204618-002S.fts 	 2048x2048 	 2S 	 DARK 	 
./202010/slt20201006/bias-dark/Dark-20201006@204242-010S.fts 	 2048x2048 	 10S 	 DARK 	 
./202010/slt20201006/bias-dark/Dark-20201006@204600-002S.fts 	 2048x2048 	 2S 	 DARK 	 
./202010/slt20201006/bias-dark/Dark-20201006@205344-030S.fts 	 2048x2048 	 30S 	 DARK 	 
./202010/slt20201006/bias-dark/Dark-20201006@205048-020S.fts 	 2048x2048 	 20S 	 DARK 	 
./202010/slt20201006/bias-dark/Dark-20201006@204136-005S.fts 	 2048x2048 	 5S 	 DARK 	 
./202010/slt20201006/bias-dark/Dark-20201006@205153-030S.fts 	 2048x2048 	 30S 	 DARK 	 
./202010/slt20201006/bias-dark/Dark-20201006@204714-020S.fts 	 2048x2048 	 20S 	 DARK 	 
./202010/slt20201006/bias-dark/Dark-20201006@204955-020S.fts 	 2048x2048 	 20S 	 DARK 	 
./202010/slt20201006/bias-dark/Dark-20201006@205649-030S.fts 	 2048x2048 	 30S 	 DARK 	 
./202010/slt20201006/bias-dark/Bias-20201006@204017-000S.fts 	 2048x2048 	 0S 	 BIAS 	 
./202010/slt20201006/bias-dark/Bias-20201006@203936-000S.fts 	 2048x2048 	 0S 	 BIAS 	 
./202010/slt20201006/bias-dark/Bias-20201006@203905-000S.fts 	 2048x2048 	 0S 	 BIAS 	 
./202010/slt20201006/bias-dark/Dark-20201006@204332-010S.fts 	 2048x2048 	 10S 	 DARK 	 
./202010/slt20201006/bias-dark/Dark-20201006@205535-030S.fts 	 2048x2048 	 30S 	 DARK 	 
./202010/slt20201006/bias-dark/Dark-20201006@205611-030S.fts 	 2048x2048 	 30S 	 DARK 	 
./202010/slt20201006/bias-dark/Dark-20201006@204513-002S.fts 	 2048x2048 	 2S 	 DARK 	 
./202010/slt20201006/bias-dark/Bias-20201006@203943-000S.fts 	 2048x2048 	 0S 	 BIAS 	 
./202010/slt20201006/bias-dark/Bias-20201006@203922-000S.fts 	 2048x2048 	 0S 	 BIAS 	 
./202010/slt20201006/bias-dark/Dark-20201006@204349-010S.fts 	 2048x2048 	 10S 	 DARK 	 
./202010/slt20201006/bias-dark/Dark-20201006@204422-010S.fts 	 2048x2048 	 10S 	 DARK 	 
./202010/slt20201006/bias-dark/Dark-20201006@204124-005S.fts 	 2048x2048 	 5S 	 DARK 	 
./202010/slt20201006/bias-dark/Dark-20201006@204541-002S.fts 	 2048x2048 	 2S 	 DARK 	 
./202010/slt20201006/wchen/wchen_03_FU_Ori/FU_Ori-20201006@185308-B_Astrodon_2018.fts 	 2048x2048 	 20S 	 LIGHT 	 FU_Ori
./202010/slt20201006/wchen/wchen_03_FU_Ori/FU_Ori-20201006@185443-R_Astrodon_2018.fts 	 2048x2048 	 10S 	 LIGHT 	 FU_Ori
./202010/slt20201006/wchen/wchen_03_FU_Ori/FU_Ori-20201006@185231-R_Astrodon_2018.fts 	 2048x2048 	 5S 	 LIGHT 	 FU_Ori
./202010/slt20201006/wchen/wchen_03_FU_Ori/FU_Ori-20201006@185127-B_Astrodon_2018.fts 	 2048x2048 	 10S 	 LIGHT 	 FU_Ori
./202010/slt20201006/wchen/wchen_03_FU_Ori/FU_Ori-20201006@185206-V_Astrodon_2018.fts 	 2048x2048 	 5S 	 LIGHT 	 FU_Ori
./202010/slt20201006/wchen/wchen_03_FU_Ori/FU_Ori-20201006@185413-V_Astrodon_2018.fts 	 2048x2048 	 10S 	 LIGHT 	 FU_Ori
 ---------------------------


python check_exposure_pixel.py slt20201007

202010/slt20201007/
 ---------------------------
 All Targets 
 ---------------------------
slt20201007
...check exposure time and pixel size of all files...
86
./202010/slt20201007/bias-dark/Dark-20201007@213646-020S.fts 	 2048x2048 	 20S 	 DARK 	 
./202010/slt20201007/bias-dark/Dark-20201007@213147-010S.fts 	 2048x2048 	 10S 	 DARK 	 
./202010/slt20201007/bias-dark/Dark-20201007@213028-005S.fts 	 2048x2048 	 5S 	 DARK 	 
./202010/slt20201007/bias-dark/Dark-20201007@213437-002S.fts 	 2048x2048 	 2S 	 DARK 	 
./202010/slt20201007/bias-dark/Dark-20201007@214059-030S.fts 	 2048x2048 	 30S 	 DARK 	 
./202010/slt20201007/bias-dark/Dark-20201007@214213-030S.fts 	 2048x2048 	 30S 	 DARK 	 
./202010/slt20201007/bias-dark/Dark-20201007@213104-005S.fts 	 2048x2048 	 5S 	 DARK 	 
./202010/slt20201007/bias-dark/Dark-20201007@213927-020S.fts 	 2048x2048 	 20S 	 DARK 	 
./202010/slt20201007/bias-dark/Dark-20201007@213401-010S.fts 	 2048x2048 	 10S 	 DARK 	 
./202010/slt20201007/bias-dark/Dark-20201007@213344-010S.fts 	 2048x2048 	 10S 	 DARK 	 
./202010/slt20201007/bias-dark/Dark-20201007@213237-010S.fts 	 2048x2048 	 10S 	 DARK 	 
./202010/slt20201007/bias-dark/Dark-20201007@213204-010S.fts 	 2048x2048 	 10S 	 DARK 	 
./202010/slt20201007/bias-dark/Dark-20201007@213954-020S.fts 	 2048x2048 	 20S 	 DARK 	 
./202010/slt20201007/bias-dark/Dark-20201007@213505-002S.fts 	 2048x2048 	 2S 	 DARK 	 
./202010/slt20201007/bias-dark/Dark-20201007@214250-030S.fts 	 2048x2048 	 30S 	 DARK 	 
./202010/slt20201007/bias-dark/Dark-20201007@212940-005S.fts 	 2048x2048 	 5S 	 DARK 	 
./202010/slt20201007/bias-dark/Dark-20201007@213524-002S.fts 	 2048x2048 	 2S 	 DARK 	 
./202010/slt20201007/bias-dark/Dark-20201007@213419-002S.fts 	 2048x2048 	 2S 	 DARK 	 
./202010/slt20201007/bias-dark/Dark-20201007@213428-002S.fts 	 2048x2048 	 2S 	 DARK 	 
./202010/slt20201007/bias-dark/Bias-20201007@212845-000S.fts 	 2048x2048 	 0S 	 BIAS 	 
./202010/slt20201007/bias-dark/Dark-20201007@213619-020S.fts 	 2048x2048 	 20S 	 DARK 	 
./202010/slt20201007/bias-dark/Dark-20201007@213807-020S.fts 	 2048x2048 	 20S 	 DARK 	 
./202010/slt20201007/bias-dark/Dark-20201007@213220-010S.fts 	 2048x2048 	 10S 	 DARK 	 
./202010/slt20201007/bias-dark/Dark-20201007@213016-005S.fts 	 2048x2048 	 5S 	 DARK 	 
./202010/slt20201007/bias-dark/Dark-20201007@213327-010S.fts 	 2048x2048 	 10S 	 DARK 	 
./202010/slt20201007/bias-dark/Dark-20201007@213542-002S.fts 	 2048x2048 	 2S 	 DARK 	 
./202010/slt20201007/bias-dark/Dark-20201007@213040-005S.fts 	 2048x2048 	 5S 	 DARK 	 
./202010/slt20201007/bias-dark/Bias-20201007@212852-000S.fts 	 2048x2048 	 0S 	 BIAS 	 
./202010/slt20201007/bias-dark/Dark-20201007@213116-005S.fts 	 2048x2048 	 5S 	 DARK 	 
./202010/slt20201007/bias-dark/Bias-20201007@212824-000S.fts 	 2048x2048 	 0S 	 BIAS 	 
./202010/slt20201007/bias-dark/Dark-20201007@213446-002S.fts 	 2048x2048 	 2S 	 DARK 	 
./202010/slt20201007/bias-dark/Dark-20201007@213004-005S.fts 	 2048x2048 	 5S 	 DARK 	 
./202010/slt20201007/bias-dark/Dark-20201007@213311-010S.fts 	 2048x2048 	 10S 	 DARK 	 
./202010/slt20201007/bias-dark/Dark-20201007@214441-030S.fts 	 2048x2048 	 30S 	 DARK 	 
./202010/slt20201007/bias-dark/Dark-20201007@214136-030S.fts 	 2048x2048 	 30S 	 DARK 	 
./202010/slt20201007/bias-dark/Dark-20201007@214555-030S.fts 	 2048x2048 	 30S 	 DARK 	 
./202010/slt20201007/bias-dark/Dark-20201007@213900-020S.fts 	 2048x2048 	 20S 	 DARK 	 
./202010/slt20201007/bias-dark/Dark-20201007@213740-020S.fts 	 2048x2048 	 20S 	 DARK 	 
./202010/slt20201007/bias-dark/Dark-20201007@213052-005S.fts 	 2048x2048 	 5S 	 DARK 	 
./202010/slt20201007/bias-dark/Bias-20201007@212913-000S.fts 	 2048x2048 	 0S 	 BIAS 	 
./202010/slt20201007/bias-dark/Dark-20201007@212928-005S.fts 	 2048x2048 	 5S 	 DARK 	 
./202010/slt20201007/bias-dark/Dark-20201007@214327-030S.fts 	 2048x2048 	 30S 	 DARK 	 
./202010/slt20201007/bias-dark/Dark-20201007@214022-030S.fts 	 2048x2048 	 30S 	 DARK 	 
./202010/slt20201007/bias-dark/Dark-20201007@213713-020S.fts 	 2048x2048 	 20S 	 DARK 	 
./202010/slt20201007/bias-dark/Dark-20201007@213834-020S.fts 	 2048x2048 	 20S 	 DARK 	 
./202010/slt20201007/bias-dark/Dark-20201007@213456-002S.fts 	 2048x2048 	 2S 	 DARK 	 
./202010/slt20201007/bias-dark/Dark-20201007@213514-002S.fts 	 2048x2048 	 2S 	 DARK 	 
./202010/slt20201007/bias-dark/Bias-20201007@212906-000S.fts 	 2048x2048 	 0S 	 BIAS 	 
./202010/slt20201007/bias-dark/Bias-20201007@212831-000S.fts 	 2048x2048 	 0S 	 BIAS 	 
./202010/slt20201007/bias-dark/Dark-20201007@213129-010S.fts 	 2048x2048 	 10S 	 DARK 	 
./202010/slt20201007/bias-dark/Dark-20201007@213533-002S.fts 	 2048x2048 	 2S 	 DARK 	 
./202010/slt20201007/bias-dark/Dark-20201007@213553-020S.fts 	 2048x2048 	 20S 	 DARK 	 
./202010/slt20201007/bias-dark/Dark-20201007@213254-010S.fts 	 2048x2048 	 10S 	 DARK 	 
./202010/slt20201007/bias-dark/Bias-20201007@212809-000S.fts 	 2048x2048 	 0S 	 BIAS 	 
./202010/slt20201007/bias-dark/Dark-20201007@212953-005S.fts 	 2048x2048 	 5S 	 DARK 	 
./202010/slt20201007/bias-dark/Bias-20201007@212859-000S.fts 	 2048x2048 	 0S 	 BIAS 	 
./202010/slt20201007/bias-dark/Bias-20201007@212920-000S.fts 	 2048x2048 	 0S 	 BIAS 	 
./202010/slt20201007/bias-dark/Dark-20201007@214518-030S.fts 	 2048x2048 	 30S 	 DARK 	 
./202010/slt20201007/bias-dark/Bias-20201007@212838-000S.fts 	 2048x2048 	 0S 	 BIAS 	 
./202010/slt20201007/bias-dark/Dark-20201007@214404-030S.fts 	 2048x2048 	 30S 	 DARK 	 
./202010/slt20201007/flat/AutoFlat-20201007@095201-PANoRot-V_Astrodon_2018-Bin1-005-NoGEM.fts 	 2048x2048 	 1S 	 FLAT 	 
./202010/slt20201007/flat/AutoFlat-20201007@094946-PANoRot-B_Astrodon_2018-Bin1-002-NoGEM.fts 	 2048x2048 	 1S 	 FLAT 	 
./202010/slt20201007/flat/AutoFlat-20201007@100107-PANoRot-I_Astrodon_2018-Bin1-003-NoGEM.fts 	 2048x2048 	 8S 	 FLAT 	 
./202010/slt20201007/flat/AutoFlat-20201007@094623-PANoRot-B_Astrodon_2018-Bin1-001-NoGEM.fts 	 2048x2048 	 1S 	 FLAT 	 
./202010/slt20201007/flat/AutoFlat-20201007@095505-PANoRot-R_Astrodon_2018-Bin1-001-NoGEM.fts 	 2048x2048 	 1S 	 FLAT 	 
./202010/slt20201007/flat/AutoFlat-20201007@095533-PANoRot-R_Astrodon_2018-Bin1-002-NoGEM.fts 	 2048x2048 	 1S 	 FLAT 	 
./202010/slt20201007/flat/AutoFlat-20201007@095138-PANoRot-V_Astrodon_2018-Bin1-003-NoGEM.fts 	 2048x2048 	 1S 	 FLAT 	 
./202010/slt20201007/flat/AutoFlat-20201007@095009-PANoRot-B_Astrodon_2018-Bin1-004-NoGEM.fts 	 2048x2048 	 1S 	 FLAT 	 
./202010/slt20201007/flat/AutoFlat-20201007@095610-PANoRot-R_Astrodon_2018-Bin1-005-NoGEM.fts 	 2048x2048 	 1S 	 FLAT 	 
./202010/slt20201007/flat/AutoFlat-20201007@094957-PANoRot-B_Astrodon_2018-Bin1-003-NoGEM.fts 	 2048x2048 	 1S 	 FLAT 	 
./202010/slt20201007/flat/AutoFlat-20201007@095149-PANoRot-V_Astrodon_2018-Bin1-004-NoGEM.fts 	 2048x2048 	 1S 	 FLAT 	 
./202010/slt20201007/flat/AutoFlat-20201007@095545-PANoRot-R_Astrodon_2018-Bin1-003-NoGEM.fts 	 2048x2048 	 1S 	 FLAT 	 
./202010/slt20201007/flat/AutoFlat-20201007@095020-PANoRot-B_Astrodon_2018-Bin1-005-NoGEM.fts 	 2048x2048 	 1S 	 FLAT 	 
./202010/slt20201007/flat/AutoFlat-20201007@095557-PANoRot-R_Astrodon_2018-Bin1-004-NoGEM.fts 	 2048x2048 	 1S 	 FLAT 	 
./202010/slt20201007/flat/AutoFlat-20201007@100049-PANoRot-I_Astrodon_2018-Bin1-002-NoGEM.fts 	 2048x2048 	 7S 	 FLAT 	 
./202010/slt20201007/flat/AutoFlat-20201007@095948-PANoRot-I_Astrodon_2018-Bin1-001-NoGEM.fts 	 2048x2048 	 7S 	 FLAT 	 
./202010/slt20201007/flat/AutoFlat-20201007@095038-PANoRot-V_Astrodon_2018-Bin1-001-NoGEM.fts 	 2048x2048 	 1S 	 FLAT 	 
./202010/slt20201007/flat/AutoFlat-20201007@100148-PANoRot-I_Astrodon_2018-Bin1-005-NoGEM.fts 	 2048x2048 	 10S 	 FLAT 	 
./202010/slt20201007/flat/AutoFlat-20201007@100127-PANoRot-I_Astrodon_2018-Bin1-004-NoGEM.fts 	 2048x2048 	 9S 	 FLAT 	 
./202010/slt20201007/flat/AutoFlat-20201007@095126-PANoRot-V_Astrodon_2018-Bin1-002-NoGEM.fts 	 2048x2048 	 1S 	 FLAT 	 
./202010/slt20201007/wchen/wchen_03_FU_Ori/FU_Ori-20201007@185500-R_Astrodon_2018.fts 	 2048x2048 	 5S 	 LIGHT 	 FU_Ori
./202010/slt20201007/wchen/wchen_03_FU_Ori/FU_Ori-20201007@185430-V_Astrodon_2018.fts 	 2048x2048 	 10S 	 LIGHT 	 FU_Ori
./202010/slt20201007/wchen/wchen_03_FU_Ori/FU_Ori-20201007@185525-B_Astrodon_2018.fts 	 2048x2048 	 30S 	 LIGHT 	 FU_Ori
./202010/slt20201007/wchen/wchen_03_FU_Ori/FU_Ori-20201007@185330-B_Astrodon_2018.fts 	 2048x2048 	 30S 	 LIGHT 	 FU_Ori
./202010/slt20201007/wchen/wchen_03_FU_Ori/FU_Ori-20201007@185651-R_Astrodon_2018.fts 	 2048x2048 	 5S 	 LIGHT 	 FU_Ori
./202010/slt20201007/wchen/wchen_03_FU_Ori/FU_Ori-20201007@185621-V_Astrodon_2018.fts 	 2048x2048 	 10S 	 LIGHT 	 FU_Ori
 ---------------------------


python check_exposure_pixel.py slt20201008

202010/slt20201008/
 ---------------------------
 All Targets 
 ---------------------------
slt20201008
...check exposure time and pixel size of all files...
96
./202010/slt20201008/bias-dark/Dark-20201008@211046-010S.fts 	 2048x2048 	 10S 	 DARK 	 
./202010/slt20201008/bias-dark/Dark-20201008@211102-010S.fts 	 2048x2048 	 10S 	 DARK 	 
./202010/slt20201008/bias-dark/Dark-20201008@211930-020S.fts 	 2048x2048 	 20S 	 DARK 	 
./202010/slt20201008/bias-dark/Dark-20201008@210749-005S.fts 	 2048x2048 	 5S 	 DARK 	 
./202010/slt20201008/bias-dark/Dark-20201008@211424-015S.fts 	 2048x2048 	 15S 	 DARK 	 
./202010/slt20201008/bias-dark/Dark-20201008@212144-020S.fts 	 2048x2048 	 20S 	 DARK 	 
./202010/slt20201008/bias-dark/Dark-20201008@211236-002S.fts 	 2048x2048 	 2S 	 DARK 	 
./202010/slt20201008/bias-dark/Dark-20201008@211903-020S.fts 	 2048x2048 	 20S 	 DARK 	 
./202010/slt20201008/bias-dark/Dark-20201008@211119-010S.fts 	 2048x2048 	 10S 	 DARK 	 
./202010/slt20201008/bias-dark/Dark-20201008@211209-010S.fts 	 2048x2048 	 10S 	 DARK 	 
./202010/slt20201008/bias-dark/Dark-20201008@212631-030S.fts 	 2048x2048 	 30S 	 DARK 	 
./202010/slt20201008/bias-dark/Dark-20201008@210813-005S.fts 	 2048x2048 	 5S 	 DARK 	 
./202010/slt20201008/bias-dark/Dark-20201008@210955-010S.fts 	 2048x2048 	 10S 	 DARK 	 
./202010/slt20201008/bias-dark/Bias-20201008@210701-000S.fts 	 2048x2048 	 0S 	 BIAS 	 
./202010/slt20201008/bias-dark/Dark-20201008@210737-005S.fts 	 2048x2048 	 5S 	 DARK 	 
./202010/slt20201008/bias-dark/Dark-20201008@211529-015S.fts 	 2048x2048 	 15S 	 DARK 	 
./202010/slt20201008/bias-dark/Bias-20201008@210722-000S.fts 	 2048x2048 	 0S 	 BIAS 	 
./202010/slt20201008/bias-dark/Dark-20201008@212023-020S.fts 	 2048x2048 	 20S 	 DARK 	 
./202010/slt20201008/bias-dark/Dark-20201008@211314-002S.fts 	 2048x2048 	 2S 	 DARK 	 
./202010/slt20201008/bias-dark/Dark-20201008@212745-030S.fts 	 2048x2048 	 30S 	 DARK 	 
./202010/slt20201008/bias-dark/Dark-20201008@212554-030S.fts 	 2048x2048 	 30S 	 DARK 	 
./202010/slt20201008/bias-dark/Dark-20201008@211551-015S.fts 	 2048x2048 	 15S 	 DARK 	 
./202010/slt20201008/bias-dark/Dark-20201008@210848-005S.fts 	 2048x2048 	 5S 	 DARK 	 
./202010/slt20201008/bias-dark/Bias-20201008@210640-000S.fts 	 2048x2048 	 0S 	 BIAS 	 
./202010/slt20201008/bias-dark/Dark-20201008@211719-015S.fts 	 2048x2048 	 15S 	 DARK 	 
./202010/slt20201008/bias-dark/Dark-20201008@211323-002S.fts 	 2048x2048 	 2S 	 DARK 	 
./202010/slt20201008/bias-dark/Dark-20201008@211255-002S.fts 	 2048x2048 	 2S 	 DARK 	 
./202010/slt20201008/bias-dark/Dark-20201008@210925-005S.fts 	 2048x2048 	 5S 	 DARK 	 
./202010/slt20201008/bias-dark/Dark-20201008@210913-005S.fts 	 2048x2048 	 5S 	 DARK 	 
./202010/slt20201008/bias-dark/Dark-20201008@211342-002S.fts 	 2048x2048 	 2S 	 DARK 	 
./202010/slt20201008/bias-dark/Dark-20201008@211657-015S.fts 	 2048x2048 	 15S 	 DARK 	 
./202010/slt20201008/bias-dark/Bias-20201008@210729-000S.fts 	 2048x2048 	 0S 	 BIAS 	 
./202010/slt20201008/bias-dark/Bias-20201008@210633-000S.fts 	 2048x2048 	 0S 	 BIAS 	 
./202010/slt20201008/bias-dark/Dark-20201008@211246-002S.fts 	 2048x2048 	 2S 	 DARK 	 
./202010/slt20201008/bias-dark/Bias-20201008@210715-000S.fts 	 2048x2048 	 0S 	 BIAS 	 
./202010/slt20201008/bias-dark/Dark-20201008@211508-015S.fts 	 2048x2048 	 15S 	 DARK 	 
./202010/slt20201008/bias-dark/Dark-20201008@210901-005S.fts 	 2048x2048 	 5S 	 DARK 	 
./202010/slt20201008/bias-dark/Bias-20201008@210654-000S.fts 	 2048x2048 	 0S 	 BIAS 	 
./202010/slt20201008/bias-dark/Dark-20201008@211402-015S.fts 	 2048x2048 	 15S 	 DARK 	 
./202010/slt20201008/bias-dark/Dark-20201008@211012-010S.fts 	 2048x2048 	 10S 	 DARK 	 
./202010/slt20201008/bias-dark/Dark-20201008@211333-002S.fts 	 2048x2048 	 2S 	 DARK 	 
./202010/slt20201008/bias-dark/Dark-20201008@211957-020S.fts 	 2048x2048 	 20S 	 DARK 	 
./202010/slt20201008/bias-dark/Dark-20201008@211635-015S.fts 	 2048x2048 	 15S 	 DARK 	 
./202010/slt20201008/bias-dark/Dark-20201008@211446-015S.fts 	 2048x2048 	 15S 	 DARK 	 
./202010/slt20201008/bias-dark/Dark-20201008@211352-002S.fts 	 2048x2048 	 2S 	 DARK 	 
./202010/slt20201008/bias-dark/Dark-20201008@212249-030S.fts 	 2048x2048 	 30S 	 DARK 	 
./202010/slt20201008/bias-dark/Dark-20201008@211836-020S.fts 	 2048x2048 	 20S 	 DARK 	 
./202010/slt20201008/bias-dark/Dark-20201008@211613-015S.fts 	 2048x2048 	 15S 	 DARK 	 
./202010/slt20201008/bias-dark/Bias-20201008@210708-000S.fts 	 2048x2048 	 0S 	 BIAS 	 
./202010/slt20201008/bias-dark/Dark-20201008@211809-020S.fts 	 2048x2048 	 20S 	 DARK 	 
./202010/slt20201008/bias-dark/Dark-20201008@211227-002S.fts 	 2048x2048 	 2S 	 DARK 	 
./202010/slt20201008/bias-dark/Dark-20201008@210802-005S.fts 	 2048x2048 	 5S 	 DARK 	 
./202010/slt20201008/bias-dark/Dark-20201008@212212-030S.fts 	 2048x2048 	 30S 	 DARK 	 
./202010/slt20201008/bias-dark/Dark-20201008@210825-005S.fts 	 2048x2048 	 5S 	 DARK 	 
./202010/slt20201008/bias-dark/Dark-20201008@211742-020S.fts 	 2048x2048 	 20S 	 DARK 	 
./202010/slt20201008/bias-dark/Dark-20201008@212708-030S.fts 	 2048x2048 	 30S 	 DARK 	 
./202010/slt20201008/bias-dark/Dark-20201008@211136-010S.fts 	 2048x2048 	 10S 	 DARK 	 
./202010/slt20201008/bias-dark/Bias-20201008@210647-000S.fts 	 2048x2048 	 0S 	 BIAS 	 
./202010/slt20201008/bias-dark/Dark-20201008@212326-030S.fts 	 2048x2048 	 30S 	 DARK 	 
./202010/slt20201008/bias-dark/Dark-20201008@211153-010S.fts 	 2048x2048 	 10S 	 DARK 	 
./202010/slt20201008/bias-dark/Dark-20201008@210938-010S.fts 	 2048x2048 	 10S 	 DARK 	 
./202010/slt20201008/bias-dark/Dark-20201008@212440-030S.fts 	 2048x2048 	 30S 	 DARK 	 
./202010/slt20201008/bias-dark/Dark-20201008@212117-020S.fts 	 2048x2048 	 20S 	 DARK 	 
./202010/slt20201008/bias-dark/Dark-20201008@211029-010S.fts 	 2048x2048 	 10S 	 DARK 	 
./202010/slt20201008/bias-dark/Dark-20201008@212051-020S.fts 	 2048x2048 	 20S 	 DARK 	 
./202010/slt20201008/bias-dark/Dark-20201008@210837-005S.fts 	 2048x2048 	 5S 	 DARK 	 
./202010/slt20201008/bias-dark/Dark-20201008@212403-030S.fts 	 2048x2048 	 30S 	 DARK 	 
./202010/slt20201008/bias-dark/Dark-20201008@211304-002S.fts 	 2048x2048 	 2S 	 DARK 	 
./202010/slt20201008/bias-dark/Dark-20201008@212517-030S.fts 	 2048x2048 	 30S 	 DARK 	 
./202010/slt20201008/bias-dark/Bias-20201008@210618-000S.fts 	 2048x2048 	 0S 	 BIAS 	 
./202010/slt20201008/flat/AutoFlat-20201008@095844-PANoRot-I_Astrodon_2018-Bin1-001-NoGEM.fts 	 2048x2048 	 6S 	 FLAT 	 
./202010/slt20201008/flat/AutoFlat-20201008@095054-PANoRot-V_Astrodon_2018-Bin1-004-NoGEM.fts 	 2048x2048 	 1S 	 FLAT 	 
./202010/slt20201008/flat/AutoFlat-20201008@095407-PANoRot-R_Astrodon_2018-Bin1-001-NoGEM.fts 	 2048x2048 	 1S 	 FLAT 	 
./202010/slt20201008/flat/AutoFlat-20201008@100039-PANoRot-I_Astrodon_2018-Bin1-005-NoGEM.fts 	 2048x2048 	 9S 	 FLAT 	 
./202010/slt20201008/flat/AutoFlat-20201008@095943-PANoRot-I_Astrodon_2018-Bin1-002-NoGEM.fts 	 2048x2048 	 7S 	 FLAT 	 
./202010/slt20201008/flat/AutoFlat-20201008@095435-PANoRot-R_Astrodon_2018-Bin1-002-NoGEM.fts 	 2048x2048 	 1S 	 FLAT 	 
./202010/slt20201008/flat/AutoFlat-20201008@095447-PANoRot-R_Astrodon_2018-Bin1-003-NoGEM.fts 	 2048x2048 	 1S 	 FLAT 	 
./202010/slt20201008/flat/AutoFlat-20201008@100001-PANoRot-I_Astrodon_2018-Bin1-003-NoGEM.fts 	 2048x2048 	 8S 	 FLAT 	 
./202010/slt20201008/flat/AutoFlat-20201008@100019-PANoRot-I_Astrodon_2018-Bin1-004-NoGEM.fts 	 2048x2048 	 8S 	 FLAT 	 
./202010/slt20201008/flat/AutoFlat-20201008@094942-PANoRot-V_Astrodon_2018-Bin1-001-NoGEM.fts 	 2048x2048 	 1S 	 FLAT 	 
./202010/slt20201008/flat/AutoFlat-20201008@095031-PANoRot-V_Astrodon_2018-Bin1-002-NoGEM.fts 	 2048x2048 	 1S 	 FLAT 	 
./202010/slt20201008/flat/AutoFlat-20201008@095105-PANoRot-V_Astrodon_2018-Bin1-005-NoGEM.fts 	 2048x2048 	 1S 	 FLAT 	 
./202010/slt20201008/flat/AutoFlat-20201008@094243-PANoRot-B_Astrodon_2018-Bin1-001-NoGEM.fts 	 2048x2048 	 1S 	 FLAT 	 
./202010/slt20201008/flat/AutoFlat-20201008@095511-PANoRot-R_Astrodon_2018-Bin1-005-NoGEM.fts 	 2048x2048 	 1S 	 FLAT 	 
./202010/slt20201008/flat/AutoFlat-20201008@094925-PANoRot-B_Astrodon_2018-Bin1-005-NoGEM.fts 	 2048x2048 	 1S 	 FLAT 	 
./202010/slt20201008/flat/AutoFlat-20201008@094901-PANoRot-B_Astrodon_2018-Bin1-003-NoGEM.fts 	 2048x2048 	 1S 	 FLAT 	 
./202010/slt20201008/flat/AutoFlat-20201008@095042-PANoRot-V_Astrodon_2018-Bin1-003-NoGEM.fts 	 2048x2048 	 1S 	 FLAT 	 
./202010/slt20201008/flat/AutoFlat-20201008@095459-PANoRot-R_Astrodon_2018-Bin1-004-NoGEM.fts 	 2048x2048 	 1S 	 FLAT 	 
./202010/slt20201008/flat/AutoFlat-20201008@094913-PANoRot-B_Astrodon_2018-Bin1-004-NoGEM.fts 	 2048x2048 	 1S 	 FLAT 	 
./202010/slt20201008/flat/AutoFlat-20201008@094850-PANoRot-B_Astrodon_2018-Bin1-002-NoGEM.fts 	 2048x2048 	 1S 	 FLAT 	 
./202010/slt20201008/wchen/wchen_03_FU_Ori/FU_Ori-20201008@183941-B_Astrodon_2018.fts 	 2048x2048 	 30S 	 LIGHT 	 FU_Ori
./202010/slt20201008/wchen/wchen_03_FU_Ori/FU_Ori-20201008@184304-R_Astrodon_2018.fts 	 2048x2048 	 5S 	 LIGHT 	 FU_Ori
./202010/slt20201008/wchen/wchen_03_FU_Ori/FU_Ori-20201008@184233-V_Astrodon_2018.fts 	 2048x2048 	 10S 	 LIGHT 	 FU_Ori
./202010/slt20201008/wchen/wchen_03_FU_Ori/FU_Ori-20201008@184111-R_Astrodon_2018.fts 	 2048x2048 	 5S 	 LIGHT 	 FU_Ori
./202010/slt20201008/wchen/wchen_03_FU_Ori/FU_Ori-20201008@184136-B_Astrodon_2018.fts 	 2048x2048 	 30S 	 LIGHT 	 FU_Ori
./202010/slt20201008/wchen/wchen_03_FU_Ori/FU_Ori-20201008@184041-V_Astrodon_2018.fts 	 2048x2048 	 10S 	 LIGHT 	 FU_Ori
 ---------------------------


python check_exposure_pixel.py slt20201009

202010/slt20201009/
 ---------------------------
 All Targets 
 ---------------------------
slt20201009
...check exposure time and pixel size of all files...
76
./202010/slt20201009/bias-dark/Dark-20201009@215845-030S.fts 	 2048x2048 	 30S 	 DARK 	 
./202010/slt20201009/bias-dark/Dark-20201009@214057-005S.fts 	 2048x2048 	 5S 	 DARK 	 
./202010/slt20201009/bias-dark/Bias-20201009@213922-000S.fts 	 2048x2048 	 0S 	 BIAS 	 
./202010/slt20201009/bias-dark/Dark-20201009@214803-015S.fts 	 2048x2048 	 15S 	 DARK 	 
./202010/slt20201009/bias-dark/Dark-20201009@214222-010S.fts 	 2048x2048 	 10S 	 DARK 	 
./202010/slt20201009/bias-dark/Dark-20201009@214719-015S.fts 	 2048x2048 	 15S 	 DARK 	 
./202010/slt20201009/bias-dark/Dark-20201009@214635-015S.fts 	 2048x2048 	 15S 	 DARK 	 
./202010/slt20201009/bias-dark/Bias-20201009@213901-000S.fts 	 2048x2048 	 0S 	 BIAS 	 
./202010/slt20201009/bias-dark/Dark-20201009@214135-005S.fts 	 2048x2048 	 5S 	 DARK 	 
./202010/slt20201009/bias-dark/Dark-20201009@214526-002S.fts 	 2048x2048 	 2S 	 DARK 	 
./202010/slt20201009/bias-dark/Dark-20201009@214021-005S.fts 	 2048x2048 	 5S 	 DARK 	 
./202010/slt20201009/bias-dark/Bias-20201009@213908-000S.fts 	 2048x2048 	 0S 	 BIAS 	 
./202010/slt20201009/bias-dark/Dark-20201009@215142-020S.fts 	 2048x2048 	 20S 	 DARK 	 
./202010/slt20201009/bias-dark/Dark-20201009@214256-010S.fts 	 2048x2048 	 10S 	 DARK 	 
./202010/slt20201009/bias-dark/Dark-20201009@215115-020S.fts 	 2048x2048 	 20S 	 DARK 	 
./202010/slt20201009/bias-dark/Dark-20201009@215958-030S.fts 	 2048x2048 	 30S 	 DARK 	 
./202010/slt20201009/bias-dark/Dark-20201009@214239-010S.fts 	 2048x2048 	 10S 	 DARK 	 
./202010/slt20201009/bias-dark/Dark-20201009@214421-010S.fts 	 2048x2048 	 10S 	 DARK 	 
./202010/slt20201009/bias-dark/Dark-20201009@214535-002S.fts 	 2048x2048 	 2S 	 DARK 	 
./202010/slt20201009/bias-dark/Dark-20201009@215329-020S.fts 	 2048x2048 	 20S 	 DARK 	 
./202010/slt20201009/bias-dark/Dark-20201009@214846-015S.fts 	 2048x2048 	 15S 	 DARK 	 
./202010/slt20201009/bias-dark/Dark-20201009@214009-005S.fts 	 2048x2048 	 5S 	 DARK 	 
./202010/slt20201009/bias-dark/Dark-20201009@214507-002S.fts 	 2048x2048 	 2S 	 DARK 	 
./202010/slt20201009/bias-dark/Dark-20201009@213956-005S.fts 	 2048x2048 	 5S 	 DARK 	 
./202010/slt20201009/bias-dark/Dark-20201009@214517-002S.fts 	 2048x2048 	 2S 	 DARK 	 
./202010/slt20201009/bias-dark/Bias-20201009@213936-000S.fts 	 2048x2048 	 0S 	 BIAS 	 
./202010/slt20201009/bias-dark/Dark-20201009@214954-020S.fts 	 2048x2048 	 20S 	 DARK 	 
./202010/slt20201009/bias-dark/Dark-20201009@215501-030S.fts 	 2048x2048 	 30S 	 DARK 	 
./202010/slt20201009/bias-dark/Dark-20201009@214554-002S.fts 	 2048x2048 	 2S 	 DARK 	 
./202010/slt20201009/bias-dark/Dark-20201009@214614-015S.fts 	 2048x2048 	 15S 	 DARK 	 
./202010/slt20201009/bias-dark/Dark-20201009@214034-005S.fts 	 2048x2048 	 5S 	 DARK 	 
./202010/slt20201009/bias-dark/Dark-20201009@215807-030S.fts 	 2048x2048 	 30S 	 DARK 	 
./202010/slt20201009/bias-dark/Dark-20201009@213944-005S.fts 	 2048x2048 	 5S 	 DARK 	 
./202010/slt20201009/bias-dark/Dark-20201009@214544-002S.fts 	 2048x2048 	 2S 	 DARK 	 
./202010/slt20201009/bias-dark/Dark-20201009@214148-010S.fts 	 2048x2048 	 10S 	 DARK 	 
./202010/slt20201009/bias-dark/Bias-20201009@213828-000S.fts 	 2048x2048 	 0S 	 BIAS 	 
./202010/slt20201009/bias-dark/Dark-20201009@215424-030S.fts 	 2048x2048 	 30S 	 DARK 	 
./202010/slt20201009/bias-dark/Dark-20201009@215021-020S.fts 	 2048x2048 	 20S 	 DARK 	 
./202010/slt20201009/bias-dark/Dark-20201009@215653-030S.fts 	 2048x2048 	 30S 	 DARK 	 
./202010/slt20201009/bias-dark/Dark-20201009@215539-030S.fts 	 2048x2048 	 30S 	 DARK 	 
./202010/slt20201009/bias-dark/Bias-20201009@213854-000S.fts 	 2048x2048 	 0S 	 BIAS 	 
./202010/slt20201009/bias-dark/Dark-20201009@215921-030S.fts 	 2048x2048 	 30S 	 DARK 	 
./202010/slt20201009/bias-dark/Dark-20201009@214741-015S.fts 	 2048x2048 	 15S 	 DARK 	 
./202010/slt20201009/bias-dark/Bias-20201009@213929-000S.fts 	 2048x2048 	 0S 	 BIAS 	 
./202010/slt20201009/bias-dark/Dark-20201009@214347-010S.fts 	 2048x2048 	 10S 	 DARK 	 
./202010/slt20201009/bias-dark/Dark-20201009@215356-020S.fts 	 2048x2048 	 20S 	 DARK 	 
./202010/slt20201009/bias-dark/Dark-20201009@214122-005S.fts 	 2048x2048 	 5S 	 DARK 	 
./202010/slt20201009/bias-dark/Dark-20201009@215236-020S.fts 	 2048x2048 	 20S 	 DARK 	 
./202010/slt20201009/bias-dark/Dark-20201009@214110-005S.fts 	 2048x2048 	 5S 	 DARK 	 
./202010/slt20201009/bias-dark/Bias-20201009@213840-000S.fts 	 2048x2048 	 0S 	 BIAS 	 
./202010/slt20201009/bias-dark/Dark-20201009@214330-010S.fts 	 2048x2048 	 10S 	 DARK 	 
./202010/slt20201009/bias-dark/Dark-20201009@215048-020S.fts 	 2048x2048 	 20S 	 DARK 	 
./202010/slt20201009/bias-dark/Dark-20201009@215616-030S.fts 	 2048x2048 	 30S 	 DARK 	 
./202010/slt20201009/bias-dark/Dark-20201009@214046-005S.fts 	 2048x2048 	 5S 	 DARK 	 
./202010/slt20201009/bias-dark/Dark-20201009@215209-020S.fts 	 2048x2048 	 20S 	 DARK 	 
./202010/slt20201009/bias-dark/Dark-20201009@214931-015S.fts 	 2048x2048 	 15S 	 DARK 	 
./202010/slt20201009/bias-dark/Bias-20201009@213915-000S.fts 	 2048x2048 	 0S 	 BIAS 	 
./202010/slt20201009/bias-dark/Dark-20201009@214205-010S.fts 	 2048x2048 	 10S 	 DARK 	 
./202010/slt20201009/bias-dark/Dark-20201009@214908-015S.fts 	 2048x2048 	 15S 	 DARK 	 
./202010/slt20201009/bias-dark/Dark-20201009@215302-020S.fts 	 2048x2048 	 20S 	 DARK 	 
./202010/slt20201009/bias-dark/Dark-20201009@214657-015S.fts 	 2048x2048 	 15S 	 DARK 	 
./202010/slt20201009/bias-dark/Dark-20201009@215730-030S.fts 	 2048x2048 	 30S 	 DARK 	 
./202010/slt20201009/bias-dark/Dark-20201009@214603-002S.fts 	 2048x2048 	 2S 	 DARK 	 
./202010/slt20201009/bias-dark/Dark-20201009@214448-002S.fts 	 2048x2048 	 2S 	 DARK 	 
./202010/slt20201009/bias-dark/Dark-20201009@214458-002S.fts 	 2048x2048 	 2S 	 DARK 	 
./202010/slt20201009/bias-dark/Dark-20201009@214439-002S.fts 	 2048x2048 	 2S 	 DARK 	 
./202010/slt20201009/bias-dark/Dark-20201009@214404-010S.fts 	 2048x2048 	 10S 	 DARK 	 
./202010/slt20201009/bias-dark/Dark-20201009@214313-010S.fts 	 2048x2048 	 10S 	 DARK 	 
./202010/slt20201009/bias-dark/Bias-20201009@213847-000S.fts 	 2048x2048 	 0S 	 BIAS 	 
./202010/slt20201009/bias-dark/Dark-20201009@214825-015S.fts 	 2048x2048 	 15S 	 DARK 	 
./202010/slt20201009/wchen/wchen_03_FU_Ori/FU_Ori-20201009@182651-V_Astrodon_2018.fts 	 2048x2048 	 10S 	 LIGHT 	 FU_Ori
./202010/slt20201009/wchen/wchen_03_FU_Ori/FU_Ori-20201009@182721-R_Astrodon_2018.fts 	 2048x2048 	 5S 	 LIGHT 	 FU_Ori
./202010/slt20201009/wchen/wchen_03_FU_Ori/FU_Ori-20201009@182552-B_Astrodon_2018.fts 	 2048x2048 	 30S 	 LIGHT 	 FU_Ori
./202010/slt20201009/wchen/wchen_03_FU_Ori/FU_Ori-20201009@182915-R_Astrodon_2018.fts 	 2048x2048 	 5S 	 LIGHT 	 FU_Ori
./202010/slt20201009/wchen/wchen_03_FU_Ori/FU_Ori-20201009@182747-B_Astrodon_2018.fts 	 2048x2048 	 30S 	 LIGHT 	 FU_Ori
./202010/slt20201009/wchen/wchen_03_FU_Ori/FU_Ori-20201009@182844-V_Astrodon_2018.fts 	 2048x2048 	 10S 	 LIGHT 	 FU_Ori
 ---------------------------


python check_exposure_pixel.py slt20201010

202010/slt20201010/
 ---------------------------
 All Targets 
 ---------------------------
slt20201010
...check exposure time and pixel size of all files...
76
./202010/slt20201010/bias-dark/Dark-20201010@212140-020S.fts 	 2048x2048 	 20S 	 DARK 	 
./202010/slt20201010/bias-dark/Dark-20201010@211059-005S.fts 	 2048x2048 	 5S 	 DARK 	 
./202010/slt20201010/bias-dark/Dark-20201010@211535-002S.fts 	 2048x2048 	 2S 	 DARK 	 
./202010/slt20201010/bias-dark/Dark-20201010@212728-030S.fts 	 2048x2048 	 30S 	 DARK 	 
./202010/slt20201010/bias-dark/Dark-20201010@212805-030S.fts 	 2048x2048 	 30S 	 DARK 	 
./202010/slt20201010/bias-dark/Dark-20201010@211149-010S.fts 	 2048x2048 	 10S 	 DARK 	 
./202010/slt20201010/bias-dark/Dark-20201010@211206-010S.fts 	 2048x2048 	 10S 	 DARK 	 
./202010/slt20201010/bias-dark/Dark-20201010@210959-005S.fts 	 2048x2048 	 5S 	 DARK 	 
./202010/slt20201010/bias-dark/Dark-20201010@211953-020S.fts 	 2048x2048 	 20S 	 DARK 	 
./202010/slt20201010/bias-dark/Dark-20201010@211517-002S.fts 	 2048x2048 	 2S 	 DARK 	 
./202010/slt20201010/bias-dark/Dark-20201010@212020-020S.fts 	 2048x2048 	 20S 	 DARK 	 
./202010/slt20201010/bias-dark/Dark-20201010@211012-005S.fts 	 2048x2048 	 5S 	 DARK 	 
./202010/slt20201010/bias-dark/Bias-20201010@210925-000S.fts 	 2048x2048 	 0S 	 BIAS 	 
./202010/slt20201010/bias-dark/Dark-20201010@211224-010S.fts 	 2048x2048 	 10S 	 DARK 	 
./202010/slt20201010/bias-dark/Dark-20201010@211459-002S.fts 	 2048x2048 	 2S 	 DARK 	 
./202010/slt20201010/bias-dark/Bias-20201010@210911-000S.fts 	 2048x2048 	 0S 	 BIAS 	 
./202010/slt20201010/bias-dark/Dark-20201010@211526-002S.fts 	 2048x2048 	 2S 	 DARK 	 
./202010/slt20201010/bias-dark/Dark-20201010@211636-015S.fts 	 2048x2048 	 15S 	 DARK 	 
./202010/slt20201010/bias-dark/Bias-20201010@210826-000S.fts 	 2048x2048 	 0S 	 BIAS 	 
./202010/slt20201010/bias-dark/Dark-20201010@211048-005S.fts 	 2048x2048 	 5S 	 DARK 	 
./202010/slt20201010/bias-dark/Dark-20201010@210947-005S.fts 	 2048x2048 	 5S 	 DARK 	 
./202010/slt20201010/bias-dark/Dark-20201010@211803-015S.fts 	 2048x2048 	 15S 	 DARK 	 
./202010/slt20201010/bias-dark/Dark-20201010@212208-020S.fts 	 2048x2048 	 20S 	 DARK 	 
./202010/slt20201010/bias-dark/Dark-20201010@212957-030S.fts 	 2048x2048 	 30S 	 DARK 	 
./202010/slt20201010/bias-dark/Dark-20201010@212047-020S.fts 	 2048x2048 	 20S 	 DARK 	 
./202010/slt20201010/bias-dark/Dark-20201010@211135-005S.fts 	 2048x2048 	 5S 	 DARK 	 
./202010/slt20201010/bias-dark/Dark-20201010@211554-002S.fts 	 2048x2048 	 2S 	 DARK 	 
./202010/slt20201010/bias-dark/Dark-20201010@211658-015S.fts 	 2048x2048 	 15S 	 DARK 	 
./202010/slt20201010/bias-dark/Dark-20201010@212614-030S.fts 	 2048x2048 	 30S 	 DARK 	 
./202010/slt20201010/bias-dark/Dark-20201010@211604-002S.fts 	 2048x2048 	 2S 	 DARK 	 
./202010/slt20201010/bias-dark/Dark-20201010@212537-030S.fts 	 2048x2048 	 30S 	 DARK 	 
./202010/slt20201010/bias-dark/Bias-20201010@210939-000S.fts 	 2048x2048 	 0S 	 BIAS 	 
./202010/slt20201010/bias-dark/Dark-20201010@211930-015S.fts 	 2048x2048 	 15S 	 DARK 	 
./202010/slt20201010/bias-dark/Dark-20201010@211449-002S.fts 	 2048x2048 	 2S 	 DARK 	 
./202010/slt20201010/bias-dark/Dark-20201010@211332-010S.fts 	 2048x2048 	 10S 	 DARK 	 
./202010/slt20201010/bias-dark/Dark-20201010@211847-015S.fts 	 2048x2048 	 15S 	 DARK 	 
./202010/slt20201010/bias-dark/Bias-20201010@210843-000S.fts 	 2048x2048 	 0S 	 BIAS 	 
./202010/slt20201010/bias-dark/Dark-20201010@211112-005S.fts 	 2048x2048 	 5S 	 DARK 	 
./202010/slt20201010/bias-dark/Dark-20201010@211315-010S.fts 	 2048x2048 	 10S 	 DARK 	 
./202010/slt20201010/bias-dark/Dark-20201010@212114-020S.fts 	 2048x2048 	 20S 	 DARK 	 
./202010/slt20201010/bias-dark/Bias-20201010@210857-000S.fts 	 2048x2048 	 0S 	 BIAS 	 
./202010/slt20201010/bias-dark/Bias-20201010@210904-000S.fts 	 2048x2048 	 0S 	 BIAS 	 
./202010/slt20201010/bias-dark/Dark-20201010@211908-015S.fts 	 2048x2048 	 15S 	 DARK 	 
./202010/slt20201010/bias-dark/Dark-20201010@211258-010S.fts 	 2048x2048 	 10S 	 DARK 	 
./202010/slt20201010/bias-dark/Dark-20201010@212301-020S.fts 	 2048x2048 	 20S 	 DARK 	 
./202010/slt20201010/bias-dark/Dark-20201010@211440-002S.fts 	 2048x2048 	 2S 	 DARK 	 
./202010/slt20201010/bias-dark/Dark-20201010@211741-015S.fts 	 2048x2048 	 15S 	 DARK 	 
./202010/slt20201010/bias-dark/Dark-20201010@212651-030S.fts 	 2048x2048 	 30S 	 DARK 	 
./202010/slt20201010/bias-dark/Dark-20201010@211035-005S.fts 	 2048x2048 	 5S 	 DARK 	 
./202010/slt20201010/bias-dark/Dark-20201010@212423-030S.fts 	 2048x2048 	 30S 	 DARK 	 
./202010/slt20201010/bias-dark/Bias-20201010@210932-000S.fts 	 2048x2048 	 0S 	 BIAS 	 
./202010/slt20201010/bias-dark/Dark-20201010@211422-010S.fts 	 2048x2048 	 10S 	 DARK 	 
./202010/slt20201010/bias-dark/Dark-20201010@212328-020S.fts 	 2048x2048 	 20S 	 DARK 	 
./202010/slt20201010/bias-dark/Dark-20201010@212920-030S.fts 	 2048x2048 	 30S 	 DARK 	 
./202010/slt20201010/bias-dark/Bias-20201010@210850-000S.fts 	 2048x2048 	 0S 	 BIAS 	 
./202010/slt20201010/bias-dark/Dark-20201010@211123-005S.fts 	 2048x2048 	 5S 	 DARK 	 
./202010/slt20201010/bias-dark/Dark-20201010@212355-020S.fts 	 2048x2048 	 20S 	 DARK 	 
./202010/slt20201010/bias-dark/Dark-20201010@211545-002S.fts 	 2048x2048 	 2S 	 DARK 	 
./202010/slt20201010/bias-dark/Dark-20201010@211405-010S.fts 	 2048x2048 	 10S 	 DARK 	 
./202010/slt20201010/bias-dark/Dark-20201010@211825-015S.fts 	 2048x2048 	 15S 	 DARK 	 
./202010/slt20201010/bias-dark/Dark-20201010@211720-015S.fts 	 2048x2048 	 15S 	 DARK 	 
./202010/slt20201010/bias-dark/Dark-20201010@211508-002S.fts 	 2048x2048 	 2S 	 DARK 	 
./202010/slt20201010/bias-dark/Dark-20201010@211241-010S.fts 	 2048x2048 	 10S 	 DARK 	 
./202010/slt20201010/bias-dark/Bias-20201010@210918-000S.fts 	 2048x2048 	 0S 	 BIAS 	 
./202010/slt20201010/bias-dark/Dark-20201010@211349-010S.fts 	 2048x2048 	 10S 	 DARK 	 
./202010/slt20201010/bias-dark/Dark-20201010@212500-030S.fts 	 2048x2048 	 30S 	 DARK 	 
./202010/slt20201010/bias-dark/Dark-20201010@211023-005S.fts 	 2048x2048 	 5S 	 DARK 	 
./202010/slt20201010/bias-dark/Dark-20201010@212234-020S.fts 	 2048x2048 	 20S 	 DARK 	 
./202010/slt20201010/bias-dark/Dark-20201010@211614-015S.fts 	 2048x2048 	 15S 	 DARK 	 
./202010/slt20201010/bias-dark/Dark-20201010@212843-030S.fts 	 2048x2048 	 30S 	 DARK 	 
./202010/slt20201010/wchen/wchen_03_FU_Ori/FU_Ori-20201010@203815-V_Astrodon_2018.fts 	 2048x2048 	 10S 	 LIGHT 	 FU_Ori
./202010/slt20201010/wchen/wchen_03_FU_Ori/FU_Ori-20201010@203653-R_Astrodon_2018.fts 	 2048x2048 	 5S 	 LIGHT 	 FU_Ori
./202010/slt20201010/wchen/wchen_03_FU_Ori/FU_Ori-20201010@203845-R_Astrodon_2018.fts 	 2048x2048 	 5S 	 LIGHT 	 FU_Ori
./202010/slt20201010/wchen/wchen_03_FU_Ori/FU_Ori-20201010@203719-B_Astrodon_2018.fts 	 2048x2048 	 30S 	 LIGHT 	 FU_Ori
./202010/slt20201010/wchen/wchen_03_FU_Ori/FU_Ori-20201010@203623-V_Astrodon_2018.fts 	 2048x2048 	 10S 	 LIGHT 	 FU_Ori
./202010/slt20201010/wchen/wchen_03_FU_Ori/FU_Ori-20201010@203524-B_Astrodon_2018.fts 	 2048x2048 	 30S 	 LIGHT 	 FU_Ori
 ---------------------------


python check_exposure_pixel.py slt20201011

202010/slt20201011/
 ---------------------------
 All Targets 
 ---------------------------
slt20201011
...check exposure time and pixel size of all files...
76
./202010/slt20201011/bias-dark/Dark-20201011@212430-005S.fts 	 2048x2048 	 5S 	 DARK 	 
./202010/slt20201011/bias-dark/Dark-20201011@213938-030S.fts 	 2048x2048 	 30S 	 DARK 	 
./202010/slt20201011/bias-dark/Dark-20201011@212541-010S.fts 	 2048x2048 	 10S 	 DARK 	 
./202010/slt20201011/bias-dark/Dark-20201011@213624-020S.fts 	 2048x2048 	 20S 	 DARK 	 
./202010/slt20201011/bias-dark/Dark-20201011@213121-015S.fts 	 2048x2048 	 15S 	 DARK 	 
./202010/slt20201011/bias-dark/Dark-20201011@212330-005S.fts 	 2048x2048 	 5S 	 DARK 	 
./202010/slt20201011/bias-dark/Dark-20201011@212930-015S.fts 	 2048x2048 	 15S 	 DARK 	 
./202010/slt20201011/bias-dark/Dark-20201011@212507-010S.fts 	 2048x2048 	 10S 	 DARK 	 
./202010/slt20201011/bias-dark/Dark-20201011@214015-030S.fts 	 2048x2048 	 30S 	 DARK 	 
./202010/slt20201011/bias-dark/Dark-20201011@212558-010S.fts 	 2048x2048 	 10S 	 DARK 	 
./202010/slt20201011/bias-dark/Bias-20201011@212220-000S.fts 	 2048x2048 	 0S 	 BIAS 	 
./202010/slt20201011/bias-dark/Dark-20201011@212902-002S.fts 	 2048x2048 	 2S 	 DARK 	 
./202010/slt20201011/bias-dark/Dark-20201011@212844-002S.fts 	 2048x2048 	 2S 	 DARK 	 
./202010/slt20201011/bias-dark/Dark-20201011@212649-010S.fts 	 2048x2048 	 10S 	 DARK 	 
./202010/slt20201011/bias-dark/Dark-20201011@214129-030S.fts 	 2048x2048 	 30S 	 DARK 	 
./202010/slt20201011/bias-dark/Bias-20201011@212249-000S.fts 	 2048x2048 	 0S 	 BIAS 	 
./202010/slt20201011/bias-dark/Dark-20201011@212911-002S.fts 	 2048x2048 	 2S 	 DARK 	 
./202010/slt20201011/bias-dark/Dark-20201011@214320-030S.fts 	 2048x2048 	 30S 	 DARK 	 
./202010/slt20201011/bias-dark/Bias-20201011@212143-000S.fts 	 2048x2048 	 0S 	 BIAS 	 
./202010/slt20201011/bias-dark/Bias-20201011@212158-000S.fts 	 2048x2048 	 0S 	 BIAS 	 
./202010/slt20201011/bias-dark/Dark-20201011@212759-002S.fts 	 2048x2048 	 2S 	 DARK 	 
./202010/slt20201011/bias-dark/Dark-20201011@212342-005S.fts 	 2048x2048 	 5S 	 DARK 	 
./202010/slt20201011/bias-dark/Dark-20201011@213409-020S.fts 	 2048x2048 	 20S 	 DARK 	 
./202010/slt20201011/bias-dark/Dark-20201011@212615-010S.fts 	 2048x2048 	 10S 	 DARK 	 
./202010/slt20201011/bias-dark/Dark-20201011@212724-010S.fts 	 2048x2048 	 10S 	 DARK 	 
./202010/slt20201011/bias-dark/Dark-20201011@213250-015S.fts 	 2048x2048 	 15S 	 DARK 	 
./202010/slt20201011/bias-dark/Bias-20201011@212234-000S.fts 	 2048x2048 	 0S 	 BIAS 	 
./202010/slt20201011/bias-dark/Dark-20201011@212826-002S.fts 	 2048x2048 	 2S 	 DARK 	 
./202010/slt20201011/bias-dark/Bias-20201011@212242-000S.fts 	 2048x2048 	 0S 	 BIAS 	 
./202010/slt20201011/bias-dark/Dark-20201011@213059-015S.fts 	 2048x2048 	 15S 	 DARK 	 
./202010/slt20201011/bias-dark/Dark-20201011@212835-002S.fts 	 2048x2048 	 2S 	 DARK 	 
./202010/slt20201011/bias-dark/Dark-20201011@212418-005S.fts 	 2048x2048 	 5S 	 DARK 	 
./202010/slt20201011/bias-dark/Dark-20201011@213651-020S.fts 	 2048x2048 	 20S 	 DARK 	 
./202010/slt20201011/bias-dark/Dark-20201011@213015-015S.fts 	 2048x2048 	 15S 	 DARK 	 
./202010/slt20201011/bias-dark/Dark-20201011@213206-015S.fts 	 2048x2048 	 15S 	 DARK 	 
./202010/slt20201011/bias-dark/Dark-20201011@213718-020S.fts 	 2048x2048 	 20S 	 DARK 	 
./202010/slt20201011/bias-dark/Dark-20201011@212920-002S.fts 	 2048x2048 	 2S 	 DARK 	 
./202010/slt20201011/bias-dark/Dark-20201011@212817-002S.fts 	 2048x2048 	 2S 	 DARK 	 
./202010/slt20201011/bias-dark/Dark-20201011@213038-015S.fts 	 2048x2048 	 15S 	 DARK 	 
./202010/slt20201011/bias-dark/Bias-20201011@212206-000S.fts 	 2048x2048 	 0S 	 BIAS 	 
./202010/slt20201011/bias-dark/Dark-20201011@212304-005S.fts 	 2048x2048 	 5S 	 DARK 	 
./202010/slt20201011/bias-dark/Dark-20201011@213314-020S.fts 	 2048x2048 	 20S 	 DARK 	 
./202010/slt20201011/bias-dark/Dark-20201011@214243-030S.fts 	 2048x2048 	 30S 	 DARK 	 
./202010/slt20201011/bias-dark/Bias-20201011@212256-000S.fts 	 2048x2048 	 0S 	 BIAS 	 
./202010/slt20201011/bias-dark/Dark-20201011@212853-002S.fts 	 2048x2048 	 2S 	 DARK 	 
./202010/slt20201011/bias-dark/Dark-20201011@212441-005S.fts 	 2048x2048 	 5S 	 DARK 	 
./202010/slt20201011/bias-dark/Dark-20201011@213900-030S.fts 	 2048x2048 	 30S 	 DARK 	 
./202010/slt20201011/bias-dark/Dark-20201011@212741-010S.fts 	 2048x2048 	 10S 	 DARK 	 
./202010/slt20201011/bias-dark/Dark-20201011@213143-015S.fts 	 2048x2048 	 15S 	 DARK 	 
./202010/slt20201011/bias-dark/Dark-20201011@212953-015S.fts 	 2048x2048 	 15S 	 DARK 	 
./202010/slt20201011/bias-dark/Dark-20201011@212632-010S.fts 	 2048x2048 	 10S 	 DARK 	 
./202010/slt20201011/bias-dark/Dark-20201011@212707-010S.fts 	 2048x2048 	 10S 	 DARK 	 
./202010/slt20201011/bias-dark/Dark-20201011@213435-020S.fts 	 2048x2048 	 20S 	 DARK 	 
./202010/slt20201011/bias-dark/Dark-20201011@214052-030S.fts 	 2048x2048 	 30S 	 DARK 	 
./202010/slt20201011/bias-dark/Dark-20201011@213557-020S.fts 	 2048x2048 	 20S 	 DARK 	 
./202010/slt20201011/bias-dark/Dark-20201011@212524-010S.fts 	 2048x2048 	 10S 	 DARK 	 
./202010/slt20201011/bias-dark/Bias-20201011@212227-000S.fts 	 2048x2048 	 0S 	 BIAS 	 
./202010/slt20201011/bias-dark/Dark-20201011@213229-015S.fts 	 2048x2048 	 15S 	 DARK 	 
./202010/slt20201011/bias-dark/Dark-20201011@212406-005S.fts 	 2048x2048 	 5S 	 DARK 	 
./202010/slt20201011/bias-dark/Dark-20201011@213823-030S.fts 	 2048x2048 	 30S 	 DARK 	 
./202010/slt20201011/bias-dark/Dark-20201011@212353-005S.fts 	 2048x2048 	 5S 	 DARK 	 
./202010/slt20201011/bias-dark/Dark-20201011@214206-030S.fts 	 2048x2048 	 30S 	 DARK 	 
./202010/slt20201011/bias-dark/Dark-20201011@212809-002S.fts 	 2048x2048 	 2S 	 DARK 	 
./202010/slt20201011/bias-dark/Dark-20201011@212317-005S.fts 	 2048x2048 	 5S 	 DARK 	 
./202010/slt20201011/bias-dark/Dark-20201011@213746-030S.fts 	 2048x2048 	 30S 	 DARK 	 
./202010/slt20201011/bias-dark/Dark-20201011@213341-020S.fts 	 2048x2048 	 20S 	 DARK 	 
./202010/slt20201011/bias-dark/Bias-20201011@212213-000S.fts 	 2048x2048 	 0S 	 BIAS 	 
./202010/slt20201011/bias-dark/Dark-20201011@212454-005S.fts 	 2048x2048 	 5S 	 DARK 	 
./202010/slt20201011/bias-dark/Dark-20201011@213530-020S.fts 	 2048x2048 	 20S 	 DARK 	 
./202010/slt20201011/bias-dark/Dark-20201011@213503-020S.fts 	 2048x2048 	 20S 	 DARK 	 
./202010/slt20201011/wchen/wchen_03_FU_Ori/FU_Ori-20201011@192940-V_Astrodon_2018.fts 	 2048x2048 	 10S 	 LIGHT 	 FU_Ori
./202010/slt20201011/wchen/wchen_03_FU_Ori/FU_Ori-20201011@192841-B_Astrodon_2018.fts 	 2048x2048 	 30S 	 LIGHT 	 FU_Ori
./202010/slt20201011/wchen/wchen_03_FU_Ori/FU_Ori-20201011@193010-R_Astrodon_2018.fts 	 2048x2048 	 5S 	 LIGHT 	 FU_Ori
./202010/slt20201011/wchen/wchen_03_FU_Ori/FU_Ori-20201011@193035-B_Astrodon_2018.fts 	 2048x2048 	 30S 	 LIGHT 	 FU_Ori
./202010/slt20201011/wchen/wchen_03_FU_Ori/FU_Ori-20201011@193202-R_Astrodon_2018.fts 	 2048x2048 	 5S 	 LIGHT 	 FU_Ori
./202010/slt20201011/wchen/wchen_03_FU_Ori/FU_Ori-20201011@193132-V_Astrodon_2018.fts 	 2048x2048 	 10S 	 LIGHT 	 FU_Ori
 ---------------------------


python check_exposure_pixel.py slt20201012

202010/slt20201012/
 ---------------------------
 All Targets 
 ---------------------------
slt20201012
...check exposure time and pixel size of all files...
96
./202010/slt20201012/bias-dark/Dark-20201012@215725-010S.fts 	 2048x2048 	 10S 	 DARK 	 
./202010/slt20201012/bias-dark/Bias-20201012@215424-000S.fts 	 2048x2048 	 0S 	 BIAS 	 
./202010/slt20201012/bias-dark/Dark-20201012@221441-030S.fts 	 2048x2048 	 30S 	 DARK 	 
./202010/slt20201012/bias-dark/Dark-20201012@215936-002S.fts 	 2048x2048 	 2S 	 DARK 	 
./202010/slt20201012/bias-dark/Dark-20201012@220224-015S.fts 	 2048x2048 	 15S 	 DARK 	 
./202010/slt20201012/bias-dark/Dark-20201012@220329-015S.fts 	 2048x2048 	 15S 	 DARK 	 
./202010/slt20201012/bias-dark/Dark-20201012@220246-015S.fts 	 2048x2048 	 15S 	 DARK 	 
./202010/slt20201012/bias-dark/Dark-20201012@221022-030S.fts 	 2048x2048 	 30S 	 DARK 	 
./202010/slt20201012/bias-dark/Dark-20201012@215816-010S.fts 	 2048x2048 	 10S 	 DARK 	 
./202010/slt20201012/bias-dark/Dark-20201012@215650-010S.fts 	 2048x2048 	 10S 	 DARK 	 
./202010/slt20201012/bias-dark/Dark-20201012@220719-020S.fts 	 2048x2048 	 20S 	 DARK 	 
./202010/slt20201012/bias-dark/Dark-20201012@220351-015S.fts 	 2048x2048 	 15S 	 DARK 	 
./202010/slt20201012/bias-dark/Dark-20201012@215945-002S.fts 	 2048x2048 	 2S 	 DARK 	 
./202010/slt20201012/bias-dark/Dark-20201012@220202-015S.fts 	 2048x2048 	 15S 	 DARK 	 
./202010/slt20201012/bias-dark/Dark-20201012@220908-030S.fts 	 2048x2048 	 30S 	 DARK 	 
./202010/slt20201012/bias-dark/Dark-20201012@220651-020S.fts 	 2048x2048 	 20S 	 DARK 	 
./202010/slt20201012/bias-dark/Dark-20201012@220118-015S.fts 	 2048x2048 	 15S 	 DARK 	 
./202010/slt20201012/bias-dark/Dark-20201012@220557-020S.fts 	 2048x2048 	 20S 	 DARK 	 
./202010/slt20201012/bias-dark/Bias-20201012@215327-000S.fts 	 2048x2048 	 0S 	 BIAS 	 
./202010/slt20201012/bias-dark/Dark-20201012@221059-030S.fts 	 2048x2048 	 30S 	 DARK 	 
./202010/slt20201012/bias-dark/Bias-20201012@215355-000S.fts 	 2048x2048 	 0S 	 BIAS 	 
./202010/slt20201012/bias-dark/Dark-20201012@220746-020S.fts 	 2048x2048 	 20S 	 DARK 	 
./202010/slt20201012/bias-dark/Dark-20201012@215520-005S.fts 	 2048x2048 	 5S 	 DARK 	 
./202010/slt20201012/bias-dark/Dark-20201012@220038-002S.fts 	 2048x2048 	 2S 	 DARK 	 
./202010/slt20201012/bias-dark/Dark-20201012@220029-002S.fts 	 2048x2048 	 2S 	 DARK 	 
./202010/slt20201012/bias-dark/Dark-20201012@220056-015S.fts 	 2048x2048 	 15S 	 DARK 	 
./202010/slt20201012/bias-dark/Dark-20201012@220436-020S.fts 	 2048x2048 	 20S 	 DARK 	 
./202010/slt20201012/bias-dark/Dark-20201012@215759-010S.fts 	 2048x2048 	 10S 	 DARK 	 
./202010/slt20201012/bias-dark/Dark-20201012@221327-030S.fts 	 2048x2048 	 30S 	 DARK 	 
./202010/slt20201012/bias-dark/Dark-20201012@220307-015S.fts 	 2048x2048 	 15S 	 DARK 	 
./202010/slt20201012/bias-dark/Dark-20201012@215633-010S.fts 	 2048x2048 	 10S 	 DARK 	 
./202010/slt20201012/bias-dark/Dark-20201012@215926-002S.fts 	 2048x2048 	 2S 	 DARK 	 
./202010/slt20201012/bias-dark/Dark-20201012@215444-005S.fts 	 2048x2048 	 5S 	 DARK 	 
./202010/slt20201012/bias-dark/Dark-20201012@220840-020S.fts 	 2048x2048 	 20S 	 DARK 	 
./202010/slt20201012/bias-dark/Dark-20201012@215556-005S.fts 	 2048x2048 	 5S 	 DARK 	 
./202010/slt20201012/bias-dark/Dark-20201012@215544-005S.fts 	 2048x2048 	 5S 	 DARK 	 
./202010/slt20201012/bias-dark/Bias-20201012@215341-000S.fts 	 2048x2048 	 0S 	 BIAS 	 
./202010/slt20201012/bias-dark/Dark-20201012@215456-005S.fts 	 2048x2048 	 5S 	 DARK 	 
./202010/slt20201012/bias-dark/Dark-20201012@220624-020S.fts 	 2048x2048 	 20S 	 DARK 	 
./202010/slt20201012/bias-dark/Dark-20201012@215707-010S.fts 	 2048x2048 	 10S 	 DARK 	 
./202010/slt20201012/bias-dark/Dark-20201012@220945-030S.fts 	 2048x2048 	 30S 	 DARK 	 
./202010/slt20201012/bias-dark/Dark-20201012@220020-002S.fts 	 2048x2048 	 2S 	 DARK 	 
./202010/slt20201012/bias-dark/Bias-20201012@215403-000S.fts 	 2048x2048 	 0S 	 BIAS 	 
./202010/slt20201012/bias-dark/Dark-20201012@215508-005S.fts 	 2048x2048 	 5S 	 DARK 	 
./202010/slt20201012/bias-dark/Dark-20201012@220047-002S.fts 	 2048x2048 	 2S 	 DARK 	 
./202010/slt20201012/bias-dark/Dark-20201012@220813-020S.fts 	 2048x2048 	 20S 	 DARK 	 
./202010/slt20201012/bias-dark/Dark-20201012@220413-015S.fts 	 2048x2048 	 15S 	 DARK 	 
./202010/slt20201012/bias-dark/Dark-20201012@221136-030S.fts 	 2048x2048 	 30S 	 DARK 	 
./202010/slt20201012/bias-dark/Bias-20201012@215334-000S.fts 	 2048x2048 	 0S 	 BIAS 	 
./202010/slt20201012/bias-dark/Dark-20201012@220140-015S.fts 	 2048x2048 	 15S 	 DARK 	 
./202010/slt20201012/bias-dark/Bias-20201012@215417-000S.fts 	 2048x2048 	 0S 	 BIAS 	 
./202010/slt20201012/bias-dark/Dark-20201012@215908-010S.fts 	 2048x2048 	 10S 	 DARK 	 
./202010/slt20201012/bias-dark/Dark-20201012@215833-010S.fts 	 2048x2048 	 10S 	 DARK 	 
./202010/slt20201012/bias-dark/Dark-20201012@221213-030S.fts 	 2048x2048 	 30S 	 DARK 	 
./202010/slt20201012/bias-dark/Dark-20201012@215742-010S.fts 	 2048x2048 	 10S 	 DARK 	 
./202010/slt20201012/bias-dark/Dark-20201012@215608-005S.fts 	 2048x2048 	 5S 	 DARK 	 
./202010/slt20201012/bias-dark/Dark-20201012@215850-010S.fts 	 2048x2048 	 10S 	 DARK 	 
./202010/slt20201012/bias-dark/Dark-20201012@215532-005S.fts 	 2048x2048 	 5S 	 DARK 	 
./202010/slt20201012/bias-dark/Dark-20201012@215433-005S.fts 	 2048x2048 	 5S 	 DARK 	 
./202010/slt20201012/bias-dark/Dark-20201012@215954-002S.fts 	 2048x2048 	 2S 	 DARK 	 
./202010/slt20201012/bias-dark/Dark-20201012@215620-005S.fts 	 2048x2048 	 5S 	 DARK 	 
./202010/slt20201012/bias-dark/Bias-20201012@215310-000S.fts 	 2048x2048 	 0S 	 BIAS 	 
./202010/slt20201012/bias-dark/Dark-20201012@221404-030S.fts 	 2048x2048 	 30S 	 DARK 	 
./202010/slt20201012/bias-dark/Dark-20201012@220011-002S.fts 	 2048x2048 	 2S 	 DARK 	 
./202010/slt20201012/bias-dark/Dark-20201012@220003-002S.fts 	 2048x2048 	 2S 	 DARK 	 
./202010/slt20201012/bias-dark/Bias-20201012@215348-000S.fts 	 2048x2048 	 0S 	 BIAS 	 
./202010/slt20201012/bias-dark/Bias-20201012@215410-000S.fts 	 2048x2048 	 0S 	 BIAS 	 
./202010/slt20201012/bias-dark/Dark-20201012@220530-020S.fts 	 2048x2048 	 20S 	 DARK 	 
./202010/slt20201012/bias-dark/Dark-20201012@220503-020S.fts 	 2048x2048 	 20S 	 DARK 	 
./202010/slt20201012/bias-dark/Dark-20201012@221250-030S.fts 	 2048x2048 	 30S 	 DARK 	 
./202010/slt20201012/flat/AutoFlat-20201012@212200-PANoRot-I_Astrodon_2018-Bin1-003-NoGEM.fts 	 2048x2048 	 30S 	 FLAT 	 
./202010/slt20201012/flat/AutoFlat-20201012@213830-PANoRot-B_Astrodon_2018-Bin1-004-NoGEM.fts 	 2048x2048 	 1S 	 FLAT 	 
./202010/slt20201012/flat/AutoFlat-20201012@212321-PANoRot-I_Astrodon_2018-Bin1-005-NoGEM.fts 	 2048x2048 	 30S 	 FLAT 	 
./202010/slt20201012/flat/AutoFlat-20201012@213805-PANoRot-B_Astrodon_2018-Bin1-002-NoGEM.fts 	 2048x2048 	 1S 	 FLAT 	 
./202010/slt20201012/flat/AutoFlat-20201012@213633-PANoRot-V_Astrodon_2018-Bin1-002-NoGEM.fts 	 2048x2048 	 1S 	 FLAT 	 
./202010/slt20201012/flat/AutoFlat-20201012@213711-PANoRot-V_Astrodon_2018-Bin1-005-NoGEM.fts 	 2048x2048 	 1S 	 FLAT 	 
./202010/slt20201012/flat/AutoFlat-20201012@213737-PANoRot-B_Astrodon_2018-Bin1-001-NoGEM.fts 	 2048x2048 	 1S 	 FLAT 	 
./202010/slt20201012/flat/AutoFlat-20201012@213842-PANoRot-B_Astrodon_2018-Bin1-005-NoGEM.fts 	 2048x2048 	 1S 	 FLAT 	 
./202010/slt20201012/flat/AutoFlat-20201012@213212-PANoRot-R_Astrodon_2018-Bin1-004-NoGEM.fts 	 2048x2048 	 3S 	 FLAT 	 
./202010/slt20201012/flat/AutoFlat-20201012@213157-PANoRot-R_Astrodon_2018-Bin1-003-NoGEM.fts 	 2048x2048 	 4S 	 FLAT 	 
./202010/slt20201012/flat/AutoFlat-20201012@213227-PANoRot-R_Astrodon_2018-Bin1-005-NoGEM.fts 	 2048x2048 	 3S 	 FLAT 	 
./202010/slt20201012/flat/AutoFlat-20201012@213104-PANoRot-R_Astrodon_2018-Bin1-001-NoGEM.fts 	 2048x2048 	 4S 	 FLAT 	 
./202010/slt20201012/flat/AutoFlat-20201012@213646-PANoRot-V_Astrodon_2018-Bin1-003-NoGEM.fts 	 2048x2048 	 1S 	 FLAT 	 
./202010/slt20201012/flat/AutoFlat-20201012@213658-PANoRot-V_Astrodon_2018-Bin1-004-NoGEM.fts 	 2048x2048 	 1S 	 FLAT 	 
./202010/slt20201012/flat/AutoFlat-20201012@212241-PANoRot-I_Astrodon_2018-Bin1-004-NoGEM.fts 	 2048x2048 	 30S 	 FLAT 	 
./202010/slt20201012/flat/AutoFlat-20201012@213604-PANoRot-V_Astrodon_2018-Bin1-001-NoGEM.fts 	 2048x2048 	 1S 	 FLAT 	 
./202010/slt20201012/flat/AutoFlat-20201012@212119-PANoRot-I_Astrodon_2018-Bin1-002-NoGEM.fts 	 2048x2048 	 30S 	 FLAT 	 
./202010/slt20201012/flat/AutoFlat-20201012@211547-PANoRot-I_Astrodon_2018-Bin1-001-NoGEM.fts 	 2048x2048 	 30S 	 FLAT 	 
./202010/slt20201012/flat/AutoFlat-20201012@213142-PANoRot-R_Astrodon_2018-Bin1-002-NoGEM.fts 	 2048x2048 	 4S 	 FLAT 	 
./202010/slt20201012/flat/AutoFlat-20201012@213818-PANoRot-B_Astrodon_2018-Bin1-003-NoGEM.fts 	 2048x2048 	 1S 	 FLAT 	 
./202010/slt20201012/wchen/wchen_03_FU_Ori/FU_Ori-20201012@184701-B_Astrodon_2018.fts 	 2048x2048 	 30S 	 LIGHT 	 FU_Ori
./202010/slt20201012/wchen/wchen_03_FU_Ori/FU_Ori-20201012@184856-B_Astrodon_2018.fts 	 2048x2048 	 30S 	 LIGHT 	 FU_Ori
./202010/slt20201012/wchen/wchen_03_FU_Ori/FU_Ori-20201012@185023-R_Astrodon_2018.fts 	 2048x2048 	 5S 	 LIGHT 	 FU_Ori
./202010/slt20201012/wchen/wchen_03_FU_Ori/FU_Ori-20201012@184953-V_Astrodon_2018.fts 	 2048x2048 	 10S 	 LIGHT 	 FU_Ori
./202010/slt20201012/wchen/wchen_03_FU_Ori/FU_Ori-20201012@184801-V_Astrodon_2018.fts 	 2048x2048 	 10S 	 LIGHT 	 FU_Ori
./202010/slt20201012/wchen/wchen_03_FU_Ori/FU_Ori-20201012@184831-R_Astrodon_2018.fts 	 2048x2048 	 5S 	 LIGHT 	 FU_Ori
 ---------------------------


python check_exposure_pixel.py slt20201014

202010/slt20201014/
 ---------------------------
 All Targets 
 ---------------------------
slt20201014
...check exposure time and pixel size of all files...
81
./202010/slt20201014/bias-dark/Dark-20201014@215956-005S.fts 	 2048x2048 	 5S 	 DARK 	 
./202010/slt20201014/bias-dark/Dark-20201014@220944-015S.fts 	 2048x2048 	 15S 	 DARK 	 
./202010/slt20201014/bias-dark/Dark-20201014@221008-020S.fts 	 2048x2048 	 20S 	 DARK 	 
./202010/slt20201014/bias-dark/Dark-20201014@221156-020S.fts 	 2048x2048 	 20S 	 DARK 	 
./202010/slt20201014/bias-dark/Dark-20201014@220816-015S.fts 	 2048x2048 	 15S 	 DARK 	 
./202010/slt20201014/bias-dark/Dark-20201014@220451-002S.fts 	 2048x2048 	 2S 	 DARK 	 
./202010/slt20201014/bias-dark/Dark-20201014@220501-002S.fts 	 2048x2048 	 2S 	 DARK 	 
./202010/slt20201014/bias-dark/Dark-20201014@220033-005S.fts 	 2048x2048 	 5S 	 DARK 	 
./202010/slt20201014/bias-dark/Dark-20201014@220109-005S.fts 	 2048x2048 	 5S 	 DARK 	 
./202010/slt20201014/bias-dark/Dark-20201014@221823-030S.fts 	 2048x2048 	 30S 	 DARK 	 
./202010/slt20201014/bias-dark/Dark-20201014@220510-002S.fts 	 2048x2048 	 2S 	 DARK 	 
./202010/slt20201014/bias-dark/Dark-20201014@220251-010S.fts 	 2048x2048 	 10S 	 DARK 	 
./202010/slt20201014/bias-dark/Dark-20201014@220708-015S.fts 	 2048x2048 	 15S 	 DARK 	 
./202010/slt20201014/bias-dark/Dark-20201014@221708-030S.fts 	 2048x2048 	 30S 	 DARK 	 
./202010/slt20201014/bias-dark/Dark-20201014@220604-002S.fts 	 2048x2048 	 2S 	 DARK 	 
./202010/slt20201014/bias-dark/Dark-20201014@220646-015S.fts 	 2048x2048 	 15S 	 DARK 	 
./202010/slt20201014/bias-dark/Dark-20201014@221411-020S.fts 	 2048x2048 	 20S 	 DARK 	 
./202010/slt20201014/bias-dark/Dark-20201014@220021-005S.fts 	 2048x2048 	 5S 	 DARK 	 
./202010/slt20201014/bias-dark/Dark-20201014@220623-015S.fts 	 2048x2048 	 15S 	 DARK 	 
./202010/slt20201014/bias-dark/Dark-20201014@221345-020S.fts 	 2048x2048 	 20S 	 DARK 	 
./202010/slt20201014/bias-dark/Dark-20201014@220216-010S.fts 	 2048x2048 	 10S 	 DARK 	 
./202010/slt20201014/bias-dark/Dark-20201014@221745-030S.fts 	 2048x2048 	 30S 	 DARK 	 
./202010/slt20201014/bias-dark/Dark-20201014@220922-015S.fts 	 2048x2048 	 15S 	 DARK 	 
./202010/slt20201014/bias-dark/Dark-20201014@220859-015S.fts 	 2048x2048 	 15S 	 DARK 	 
./202010/slt20201014/bias-dark/Dark-20201014@220837-015S.fts 	 2048x2048 	 15S 	 DARK 	 
./202010/slt20201014/bias-dark/Bias-20201014@215934-000S.fts 	 2048x2048 	 0S 	 BIAS 	 
./202010/slt20201014/bias-dark/Dark-20201014@221251-020S.fts 	 2048x2048 	 20S 	 DARK 	 
./202010/slt20201014/bias-dark/Bias-20201014@215905-000S.fts 	 2048x2048 	 0S 	 BIAS 	 
./202010/slt20201014/bias-dark/Dark-20201014@221554-030S.fts 	 2048x2048 	 30S 	 DARK 	 
./202010/slt20201014/bias-dark/Dark-20201014@221129-020S.fts 	 2048x2048 	 20S 	 DARK 	 
./202010/slt20201014/bias-dark/Dark-20201014@220528-002S.fts 	 2048x2048 	 2S 	 DARK 	 
./202010/slt20201014/bias-dark/Dark-20201014@220342-010S.fts 	 2048x2048 	 10S 	 DARK 	 
./202010/slt20201014/bias-dark/Dark-20201014@220308-010S.fts 	 2048x2048 	 10S 	 DARK 	 
./202010/slt20201014/bias-dark/Dark-20201014@221318-020S.fts 	 2048x2048 	 20S 	 DARK 	 
./202010/slt20201014/bias-dark/Dark-20201014@220613-002S.fts 	 2048x2048 	 2S 	 DARK 	 
./202010/slt20201014/bias-dark/Dark-20201014@220433-010S.fts 	 2048x2048 	 10S 	 DARK 	 
./202010/slt20201014/bias-dark/Dark-20201014@220325-010S.fts 	 2048x2048 	 10S 	 DARK 	 
./202010/slt20201014/bias-dark/Dark-20201014@221900-030S.fts 	 2048x2048 	 30S 	 DARK 	 
./202010/slt20201014/bias-dark/Bias-20201014@215858-000S.fts 	 2048x2048 	 0S 	 BIAS 	 
./202010/slt20201014/bias-dark/Dark-20201014@220546-002S.fts 	 2048x2048 	 2S 	 DARK 	 
./202010/slt20201014/bias-dark/Dark-20201014@220753-015S.fts 	 2048x2048 	 15S 	 DARK 	 
./202010/slt20201014/bias-dark/Dark-20201014@220009-005S.fts 	 2048x2048 	 5S 	 DARK 	 
./202010/slt20201014/bias-dark/Dark-20201014@221035-020S.fts 	 2048x2048 	 20S 	 DARK 	 
./202010/slt20201014/bias-dark/Dark-20201014@220121-005S.fts 	 2048x2048 	 5S 	 DARK 	 
./202010/slt20201014/bias-dark/Dark-20201014@220159-010S.fts 	 2048x2048 	 10S 	 DARK 	 
./202010/slt20201014/bias-dark/Dark-20201014@220416-010S.fts 	 2048x2048 	 10S 	 DARK 	 
./202010/slt20201014/bias-dark/Dark-20201014@221631-030S.fts 	 2048x2048 	 30S 	 DARK 	 
./202010/slt20201014/bias-dark/Bias-20201014@215841-000S.fts 	 2048x2048 	 0S 	 BIAS 	 
./202010/slt20201014/bias-dark/Dark-20201014@220359-010S.fts 	 2048x2048 	 10S 	 DARK 	 
./202010/slt20201014/bias-dark/Bias-20201014@215912-000S.fts 	 2048x2048 	 0S 	 BIAS 	 
./202010/slt20201014/bias-dark/Bias-20201014@215941-000S.fts 	 2048x2048 	 0S 	 BIAS 	 
./202010/slt20201014/bias-dark/Dark-20201014@220134-005S.fts 	 2048x2048 	 5S 	 DARK 	 
./202010/slt20201014/bias-dark/Dark-20201014@222014-030S.fts 	 2048x2048 	 30S 	 DARK 	 
./202010/slt20201014/bias-dark/Dark-20201014@220519-002S.fts 	 2048x2048 	 2S 	 DARK 	 
./202010/slt20201014/bias-dark/Dark-20201014@221223-020S.fts 	 2048x2048 	 20S 	 DARK 	 
./202010/slt20201014/bias-dark/Dark-20201014@220555-002S.fts 	 2048x2048 	 2S 	 DARK 	 
./202010/slt20201014/bias-dark/Bias-20201014@215927-000S.fts 	 2048x2048 	 0S 	 BIAS 	 
./202010/slt20201014/bias-dark/Bias-20201014@215851-000S.fts 	 2048x2048 	 0S 	 BIAS 	 
./202010/slt20201014/bias-dark/Dark-20201014@221102-020S.fts 	 2048x2048 	 20S 	 DARK 	 
./202010/slt20201014/bias-dark/Dark-20201014@220537-002S.fts 	 2048x2048 	 2S 	 DARK 	 
./202010/slt20201014/bias-dark/Dark-20201014@221517-030S.fts 	 2048x2048 	 30S 	 DARK 	 
./202010/slt20201014/bias-dark/Dark-20201014@221937-030S.fts 	 2048x2048 	 30S 	 DARK 	 
./202010/slt20201014/bias-dark/Dark-20201014@220057-005S.fts 	 2048x2048 	 5S 	 DARK 	 
./202010/slt20201014/bias-dark/Dark-20201014@220045-005S.fts 	 2048x2048 	 5S 	 DARK 	 
./202010/slt20201014/bias-dark/Dark-20201014@220146-005S.fts 	 2048x2048 	 5S 	 DARK 	 
./202010/slt20201014/bias-dark/Bias-20201014@215919-000S.fts 	 2048x2048 	 0S 	 BIAS 	 
./202010/slt20201014/bias-dark/Bias-20201014@215948-000S.fts 	 2048x2048 	 0S 	 BIAS 	 
./202010/slt20201014/bias-dark/Dark-20201014@220731-015S.fts 	 2048x2048 	 15S 	 DARK 	 
./202010/slt20201014/bias-dark/Dark-20201014@221439-030S.fts 	 2048x2048 	 30S 	 DARK 	 
./202010/slt20201014/bias-dark/Dark-20201014@220233-010S.fts 	 2048x2048 	 10S 	 DARK 	 
./202010/slt20201014/flat/AutoFlat-20201014@212110-PANoRot-I_Astrodon_2018-Bin1-003-NoGEM.fts 	 2048x2048 	 29S 	 FLAT 	 
./202010/slt20201014/flat/AutoFlat-20201014@212028-PANoRot-I_Astrodon_2018-Bin1-002-NoGEM.fts 	 2048x2048 	 30S 	 FLAT 	 
./202010/slt20201014/flat/AutoFlat-20201014@212231-PANoRot-I_Astrodon_2018-Bin1-005-NoGEM.fts 	 2048x2048 	 30S 	 FLAT 	 
./202010/slt20201014/flat/AutoFlat-20201014@212150-PANoRot-I_Astrodon_2018-Bin1-004-NoGEM.fts 	 2048x2048 	 30S 	 FLAT 	 
./202010/slt20201014/flat/AutoFlat-20201014@211633-PANoRot-I_Astrodon_2018-Bin1-001-NoGEM.fts 	 2048x2048 	 30S 	 FLAT 	 
./202010/slt20201014/wchen/wchen_03_FU_Ori/FU_Ori-20201014@180458-V_Astrodon_2018.fts 	 2048x2048 	 10S 	 LIGHT 	 FU_Ori
./202010/slt20201014/wchen/wchen_03_FU_Ori/FU_Ori-20201014@180357-B_Astrodon_2018.fts 	 2048x2048 	 30S 	 LIGHT 	 FU_Ori
./202010/slt20201014/wchen/wchen_03_FU_Ori/FU_Ori-20201014@180556-B_Astrodon_2018.fts 	 2048x2048 	 30S 	 LIGHT 	 FU_Ori
./202010/slt20201014/wchen/wchen_03_FU_Ori/FU_Ori-20201014@180723-R_Astrodon_2018.fts 	 2048x2048 	 5S 	 LIGHT 	 FU_Ori
./202010/slt20201014/wchen/wchen_03_FU_Ori/FU_Ori-20201014@180529-R_Astrodon_2018.fts 	 2048x2048 	 5S 	 LIGHT 	 FU_Ori
./202010/slt20201014/wchen/wchen_03_FU_Ori/FU_Ori-20201014@180653-V_Astrodon_2018.fts 	 2048x2048 	 10S 	 LIGHT 	 FU_Ori
 ---------------------------


python check_exposure_pixel.py slt20201015

202010/slt20201015/
 ---------------------------
 All Targets 
 ---------------------------
slt20201015
...check exposure time and pixel size of all files...
6
./202010/slt20201015/wchen/wchen_03_FU_Ori/FU_Ori-20201015@193213-B_Astrodon_2018.fts 	 2048x2048 	 30S 	 LIGHT 	 FU_Ori
./202010/slt20201015/wchen/wchen_03_FU_Ori/FU_Ori-20201015@193504-V_Astrodon_2018.fts 	 2048x2048 	 10S 	 LIGHT 	 FU_Ori
./202010/slt20201015/wchen/wchen_03_FU_Ori/FU_Ori-20201015@193312-V_Astrodon_2018.fts 	 2048x2048 	 10S 	 LIGHT 	 FU_Ori
./202010/slt20201015/wchen/wchen_03_FU_Ori/FU_Ori-20201015@193535-R_Astrodon_2018.fts 	 2048x2048 	 5S 	 LIGHT 	 FU_Ori
./202010/slt20201015/wchen/wchen_03_FU_Ori/FU_Ori-20201015@193343-R_Astrodon_2018.fts 	 2048x2048 	 5S 	 LIGHT 	 FU_Ori
./202010/slt20201015/wchen/wchen_03_FU_Ori/FU_Ori-20201015@193408-B_Astrodon_2018.fts 	 2048x2048 	 30S 	 LIGHT 	 FU_Ori
 ---------------------------

