
python check_exposure_pixel.py LOT20201008

202010/LOT20201008/
 ---------------------------
 Science Target 
 ---------------------------
LOT20201008
...check exposure time and pixel size of science targets...
12
./202010/LOT20201008/wchen/FU_Ori-20201008@185504-B_319144.fts 	 10S 	 2048x2048
./202010/LOT20201008/wchen/FU_Ori-20201008@185053-B_319144.fts 	 10S 	 2048x2048
./202010/LOT20201008/wchen/FU_Ori-20201008@185540-V_319142.fts 	 3S 	 2048x2048
./202010/LOT20201008/wchen/FU_Ori-20201008@185859-R_10349.fts 	 1S 	 2048x2048
./202010/LOT20201008/wchen/FU_Ori-20201008@185734-R_10349.fts 	 1S 	 2048x2048
./202010/LOT20201008/wchen/FU_Ori-20201008@185636-B_319144.fts 	 10S 	 2048x2048
./202010/LOT20201008/wchen/FU_Ori-20201008@185200-R_10349.fts 	 5S 	 2048x2048
./202010/LOT20201008/wchen/FU_Ori-20201008@185802-B_319144.fts 	 10S 	 2048x2048
./202010/LOT20201008/wchen/FU_Ori-20201008@185830-V_319142.fts 	 3S 	 2048x2048
./202010/LOT20201008/wchen/FU_Ori-20201008@185609-R_10349.fts 	 1S 	 2048x2048
./202010/LOT20201008/wchen/FU_Ori-20201008@185128-V_319142.fts 	 5S 	 2048x2048
./202010/LOT20201008/wchen/FU_Ori-20201008@185706-V_319142.fts 	 3S 	 2048x2048
 ---------------------------


python check_exposure_pixel.py LOT20201010

202010/LOT20201010/
 ---------------------------
 Science Target 
 ---------------------------
LOT20201010
...check exposure time and pixel size of science targets...
9
./202010/LOT20201010/wchen/FU_Ori-20201010@202912-B_319144.fts 	 10S 	 2048x2048
./202010/LOT20201010/wchen/FU_Ori-20201010@202740-B_319144.fts 	 10S 	 2048x2048
./202010/LOT20201010/wchen/FU_Ori-20201010@203010-R_10349.fts 	 1S 	 2048x2048
./202010/LOT20201010/wchen/FU_Ori-20201010@202816-V_319142.fts 	 3S 	 2048x2048
./202010/LOT20201010/wchen/FU_Ori-20201010@203133-R_10349.fts 	 1S 	 2048x2048
./202010/LOT20201010/wchen/FU_Ori-20201010@203105-V_319142.fts 	 3S 	 2048x2048
./202010/LOT20201010/wchen/FU_Ori-20201010@202845-R_10349.fts 	 1S 	 2048x2048
./202010/LOT20201010/wchen/FU_Ori-20201010@203036-B_319144.fts 	 10S 	 2048x2048
./202010/LOT20201010/wchen/FU_Ori-20201010@202942-V_319142.fts 	 3S 	 2048x2048
 ---------------------------


python check_exposure_pixel.py slt20201005

202010/slt20201005/
 ---------------------------
 Science Target 
 ---------------------------
slt20201005
...check exposure time and pixel size of science targets...
12
./202010/slt20201005/wchen/wchen_03_FU_Ori.txt/FU_Ori-20201005@174922-V_Astrodon_2018.fts 	 15S 	 2048x2048
./202010/slt20201005/wchen/wchen_03_FU_Ori.txt/FU_Ori-20201005@173815-V_Astrodon_2018.fts 	 5S 	 2048x2048
./202010/slt20201005/wchen/wchen_03_FU_Ori.txt/FU_Ori-20201005@173735-B_Astrodon_2018.fts 	 10S 	 2048x2048
./202010/slt20201005/wchen/wchen_03_FU_Ori.txt/FU_Ori-20201005@173840-R_Astrodon_2018.fts 	 5S 	 2048x2048
./202010/slt20201005/wchen/wchen_03_FU_Ori.txt/FU_Ori-20201005@174958-R_Astrodon_2018.fts 	 15S 	 2048x2048
./202010/slt20201005/wchen/wchen_03_FU_Ori.txt/FU_Ori-20201005@174822-B_Astrodon_2018.fts 	 30S 	 2048x2048
./202010/slt20201005/wchen/wchen_03_FU_Ori/FU_Ori-20201005@174922-V_Astrodon_2018.fts 	 15S 	 2048x2048
./202010/slt20201005/wchen/wchen_03_FU_Ori/FU_Ori-20201005@173815-V_Astrodon_2018.fts 	 5S 	 2048x2048
./202010/slt20201005/wchen/wchen_03_FU_Ori/FU_Ori-20201005@173735-B_Astrodon_2018.fts 	 10S 	 2048x2048
./202010/slt20201005/wchen/wchen_03_FU_Ori/FU_Ori-20201005@173840-R_Astrodon_2018.fts 	 5S 	 2048x2048
./202010/slt20201005/wchen/wchen_03_FU_Ori/FU_Ori-20201005@174958-R_Astrodon_2018.fts 	 15S 	 2048x2048
./202010/slt20201005/wchen/wchen_03_FU_Ori/FU_Ori-20201005@174822-B_Astrodon_2018.fts 	 30S 	 2048x2048
 ---------------------------


python check_exposure_pixel.py slt20201006

202010/slt20201006/
 ---------------------------
 Science Target 
 ---------------------------
slt20201006
...check exposure time and pixel size of science targets...
6
./202010/slt20201006/wchen/wchen_03_FU_Ori/FU_Ori-20201006@185308-B_Astrodon_2018.fts 	 20S 	 2048x2048
./202010/slt20201006/wchen/wchen_03_FU_Ori/FU_Ori-20201006@185443-R_Astrodon_2018.fts 	 10S 	 2048x2048
./202010/slt20201006/wchen/wchen_03_FU_Ori/FU_Ori-20201006@185231-R_Astrodon_2018.fts 	 5S 	 2048x2048
./202010/slt20201006/wchen/wchen_03_FU_Ori/FU_Ori-20201006@185127-B_Astrodon_2018.fts 	 10S 	 2048x2048
./202010/slt20201006/wchen/wchen_03_FU_Ori/FU_Ori-20201006@185206-V_Astrodon_2018.fts 	 5S 	 2048x2048
./202010/slt20201006/wchen/wchen_03_FU_Ori/FU_Ori-20201006@185413-V_Astrodon_2018.fts 	 10S 	 2048x2048
 ---------------------------


python check_exposure_pixel.py slt20201007

202010/slt20201007/
 ---------------------------
 Science Target 
 ---------------------------
slt20201007
...check exposure time and pixel size of science targets...
6
./202010/slt20201007/wchen/wchen_03_FU_Ori/FU_Ori-20201007@185500-R_Astrodon_2018.fts 	 5S 	 2048x2048
./202010/slt20201007/wchen/wchen_03_FU_Ori/FU_Ori-20201007@185430-V_Astrodon_2018.fts 	 10S 	 2048x2048
./202010/slt20201007/wchen/wchen_03_FU_Ori/FU_Ori-20201007@185525-B_Astrodon_2018.fts 	 30S 	 2048x2048
./202010/slt20201007/wchen/wchen_03_FU_Ori/FU_Ori-20201007@185330-B_Astrodon_2018.fts 	 30S 	 2048x2048
./202010/slt20201007/wchen/wchen_03_FU_Ori/FU_Ori-20201007@185651-R_Astrodon_2018.fts 	 5S 	 2048x2048
./202010/slt20201007/wchen/wchen_03_FU_Ori/FU_Ori-20201007@185621-V_Astrodon_2018.fts 	 10S 	 2048x2048
 ---------------------------


python check_exposure_pixel.py slt20201008

202010/slt20201008/
 ---------------------------
 Science Target 
 ---------------------------
slt20201008
...check exposure time and pixel size of science targets...
6
./202010/slt20201008/wchen/wchen_03_FU_Ori/FU_Ori-20201008@183941-B_Astrodon_2018.fts 	 30S 	 2048x2048
./202010/slt20201008/wchen/wchen_03_FU_Ori/FU_Ori-20201008@184304-R_Astrodon_2018.fts 	 5S 	 2048x2048
./202010/slt20201008/wchen/wchen_03_FU_Ori/FU_Ori-20201008@184233-V_Astrodon_2018.fts 	 10S 	 2048x2048
./202010/slt20201008/wchen/wchen_03_FU_Ori/FU_Ori-20201008@184111-R_Astrodon_2018.fts 	 5S 	 2048x2048
./202010/slt20201008/wchen/wchen_03_FU_Ori/FU_Ori-20201008@184136-B_Astrodon_2018.fts 	 30S 	 2048x2048
./202010/slt20201008/wchen/wchen_03_FU_Ori/FU_Ori-20201008@184041-V_Astrodon_2018.fts 	 10S 	 2048x2048
 ---------------------------


python check_exposure_pixel.py slt20201009

202010/slt20201009/
 ---------------------------
 Science Target 
 ---------------------------
slt20201009
...check exposure time and pixel size of science targets...
6
./202010/slt20201009/wchen/wchen_03_FU_Ori/FU_Ori-20201009@182651-V_Astrodon_2018.fts 	 10S 	 2048x2048
./202010/slt20201009/wchen/wchen_03_FU_Ori/FU_Ori-20201009@182721-R_Astrodon_2018.fts 	 5S 	 2048x2048
./202010/slt20201009/wchen/wchen_03_FU_Ori/FU_Ori-20201009@182552-B_Astrodon_2018.fts 	 30S 	 2048x2048
./202010/slt20201009/wchen/wchen_03_FU_Ori/FU_Ori-20201009@182915-R_Astrodon_2018.fts 	 5S 	 2048x2048
./202010/slt20201009/wchen/wchen_03_FU_Ori/FU_Ori-20201009@182747-B_Astrodon_2018.fts 	 30S 	 2048x2048
./202010/slt20201009/wchen/wchen_03_FU_Ori/FU_Ori-20201009@182844-V_Astrodon_2018.fts 	 10S 	 2048x2048
 ---------------------------


python check_exposure_pixel.py slt20201010

202010/slt20201010/
 ---------------------------
 Science Target 
 ---------------------------
slt20201010
...check exposure time and pixel size of science targets...
6
./202010/slt20201010/wchen/wchen_03_FU_Ori/FU_Ori-20201010@203815-V_Astrodon_2018.fts 	 10S 	 2048x2048
./202010/slt20201010/wchen/wchen_03_FU_Ori/FU_Ori-20201010@203653-R_Astrodon_2018.fts 	 5S 	 2048x2048
./202010/slt20201010/wchen/wchen_03_FU_Ori/FU_Ori-20201010@203845-R_Astrodon_2018.fts 	 5S 	 2048x2048
./202010/slt20201010/wchen/wchen_03_FU_Ori/FU_Ori-20201010@203719-B_Astrodon_2018.fts 	 30S 	 2048x2048
./202010/slt20201010/wchen/wchen_03_FU_Ori/FU_Ori-20201010@203623-V_Astrodon_2018.fts 	 10S 	 2048x2048
./202010/slt20201010/wchen/wchen_03_FU_Ori/FU_Ori-20201010@203524-B_Astrodon_2018.fts 	 30S 	 2048x2048
 ---------------------------


python check_exposure_pixel.py slt20201011

202010/slt20201011/
 ---------------------------
 Science Target 
 ---------------------------
slt20201011
...check exposure time and pixel size of science targets...
6
./202010/slt20201011/wchen/wchen_03_FU_Ori/FU_Ori-20201011@192940-V_Astrodon_2018.fts 	 10S 	 2048x2048
./202010/slt20201011/wchen/wchen_03_FU_Ori/FU_Ori-20201011@192841-B_Astrodon_2018.fts 	 30S 	 2048x2048
./202010/slt20201011/wchen/wchen_03_FU_Ori/FU_Ori-20201011@193010-R_Astrodon_2018.fts 	 5S 	 2048x2048
./202010/slt20201011/wchen/wchen_03_FU_Ori/FU_Ori-20201011@193035-B_Astrodon_2018.fts 	 30S 	 2048x2048
./202010/slt20201011/wchen/wchen_03_FU_Ori/FU_Ori-20201011@193202-R_Astrodon_2018.fts 	 5S 	 2048x2048
./202010/slt20201011/wchen/wchen_03_FU_Ori/FU_Ori-20201011@193132-V_Astrodon_2018.fts 	 10S 	 2048x2048
 ---------------------------


python check_exposure_pixel.py slt20201012

202010/slt20201012/
 ---------------------------
 Science Target 
 ---------------------------
slt20201012
...check exposure time and pixel size of science targets...
6
./202010/slt20201012/wchen/wchen_03_FU_Ori/FU_Ori-20201012@184701-B_Astrodon_2018.fts 	 30S 	 2048x2048
./202010/slt20201012/wchen/wchen_03_FU_Ori/FU_Ori-20201012@184856-B_Astrodon_2018.fts 	 30S 	 2048x2048
./202010/slt20201012/wchen/wchen_03_FU_Ori/FU_Ori-20201012@185023-R_Astrodon_2018.fts 	 5S 	 2048x2048
./202010/slt20201012/wchen/wchen_03_FU_Ori/FU_Ori-20201012@184953-V_Astrodon_2018.fts 	 10S 	 2048x2048
./202010/slt20201012/wchen/wchen_03_FU_Ori/FU_Ori-20201012@184801-V_Astrodon_2018.fts 	 10S 	 2048x2048
./202010/slt20201012/wchen/wchen_03_FU_Ori/FU_Ori-20201012@184831-R_Astrodon_2018.fts 	 5S 	 2048x2048
 ---------------------------


python check_exposure_pixel.py slt20201014

202010/slt20201014/
 ---------------------------
 Science Target 
 ---------------------------
slt20201014
...check exposure time and pixel size of science targets...
6
./202010/slt20201014/wchen/wchen_03_FU_Ori/FU_Ori-20201014@180458-V_Astrodon_2018.fts 	 10S 	 2048x2048
./202010/slt20201014/wchen/wchen_03_FU_Ori/FU_Ori-20201014@180357-B_Astrodon_2018.fts 	 30S 	 2048x2048
./202010/slt20201014/wchen/wchen_03_FU_Ori/FU_Ori-20201014@180556-B_Astrodon_2018.fts 	 30S 	 2048x2048
./202010/slt20201014/wchen/wchen_03_FU_Ori/FU_Ori-20201014@180723-R_Astrodon_2018.fts 	 5S 	 2048x2048
./202010/slt20201014/wchen/wchen_03_FU_Ori/FU_Ori-20201014@180529-R_Astrodon_2018.fts 	 5S 	 2048x2048
./202010/slt20201014/wchen/wchen_03_FU_Ori/FU_Ori-20201014@180653-V_Astrodon_2018.fts 	 10S 	 2048x2048
 ---------------------------


python check_exposure_pixel.py slt20201015

202010/slt20201015/
 ---------------------------
 Science Target 
 ---------------------------
slt20201015
...check exposure time and pixel size of science targets...
6
./202010/slt20201015/wchen/wchen_03_FU_Ori/FU_Ori-20201015@193213-B_Astrodon_2018.fts 	 30S 	 2048x2048
./202010/slt20201015/wchen/wchen_03_FU_Ori/FU_Ori-20201015@193504-V_Astrodon_2018.fts 	 10S 	 2048x2048
./202010/slt20201015/wchen/wchen_03_FU_Ori/FU_Ori-20201015@193312-V_Astrodon_2018.fts 	 10S 	 2048x2048
./202010/slt20201015/wchen/wchen_03_FU_Ori/FU_Ori-20201015@193535-R_Astrodon_2018.fts 	 5S 	 2048x2048
./202010/slt20201015/wchen/wchen_03_FU_Ori/FU_Ori-20201015@193343-R_Astrodon_2018.fts 	 5S 	 2048x2048
./202010/slt20201015/wchen/wchen_03_FU_Ori/FU_Ori-20201015@193408-B_Astrodon_2018.fts 	 30S 	 2048x2048
 ---------------------------

